#
# There is insufficient memory for the Java Runtime Environment to continue.
# Native memory allocation (mmap) failed to map 65536 bytes for Failed to commit metaspace.
# Possible reasons:
#   The system is out of physical RAM or swap space
#   The process is running with CompressedOops enabled, and the Java Heap may be blocking the growth of the native heap
# Possible solutions:
#   Reduce memory load on the system
#   Increase physical memory or swap space
#   Check if swap backing store is full
#   Decrease Java heap size (-Xmx/-Xms)
#   Decrease number of Java threads
#   Decrease Java thread stack sizes (-Xss)
#   Set larger code cache with -XX:ReservedCodeCacheSize=
#   JVM is running with Unscaled Compressed Oops mode in which the Java heap is
#     placed in the first 4GB address space. The Java Heap base address is the
#     maximum limit for the native heap growth. Please use -XX:HeapBaseMinAddress
#     to set the Java Heap base and to place the Java Heap above 4GB virtual address.
# This output file may be truncated or incomplete.
#
#  Out of Memory Error (virtualSpaceNode.cpp:110), pid=12104, tid=7320
#
# JRE version: Java(TM) SE Runtime Environment (17.0.10+11) (build 17.0.10+11-LTS-240)
# Java VM: Java HotSpot(TM) 64-Bit Server VM (17.0.10+11-LTS-240, mixed mode, emulated-client, sharing, tiered, compressed oops, compressed class ptrs, g1 gc, windows-amd64)
# No core dump will be written. Minidumps are not enabled by default on client versions of Windows
#

---------------  S U M M A R Y ------------

Command Line: -XX:TieredStopAtLevel=1 -Dspring.output.ansi.enabled=always -Dcom.sun.management.jmxremote -Dspring.jmx.enabled=true -Dspring.liveBeansView.mbeanDomain -Dspring.application.admin.enabled=true -Dmanagement.endpoints.jmx.exposure.include=* -javaagent:C:\Program Files\JetBrains\IntelliJ IDEA 2023.1.3\lib\idea_rt.jar=64008:C:\Program Files\JetBrains\IntelliJ IDEA 2023.1.3\bin -Dfile.encoding=UTF-8 com.labokin.microserviceproduit.MicroserviceproduitApplication

Host: Intel(R) Celeron(R) CPU N3450 @ 1.10GHz, 4 cores, 3G,  Windows 10 , 64 bit Build 19041 (10.0.19041.3636)
Time: Sat Jun  8 21:51:49 2024 Paris, Madrid elapsed time: 5.126405 seconds (0d 0h 0m 5s)

---------------  T H R E A D  ---------------

Current thread (0x0000020e11d7a120):  JavaThread "main" [_thread_in_vm, id=7320, stack(0x000000e871d00000,0x000000e871e00000)]

Stack: [0x000000e871d00000,0x000000e871e00000]
Native frames: (J=compiled Java code, j=interpreted, Vv=VM code, C=native code)
V  [jvm.dll+0x677a5a]
V  [jvm.dll+0x7d8b2d]
V  [jvm.dll+0x7da48e]
V  [jvm.dll+0x7daaf3]
V  [jvm.dll+0x2455ff]
V  [jvm.dll+0x7d483b]
V  [jvm.dll+0x61dc06]
V  [jvm.dll+0x1bfa87]
V  [jvm.dll+0x620570]
V  [jvm.dll+0x61e5c6]
V  [jvm.dll+0x6283a7]
V  [jvm.dll+0x1e92ed]
V  [jvm.dll+0x1e98b5]
V  [jvm.dll+0x1ea1fb]
V  [jvm.dll+0x1dfa01]
V  [jvm.dll+0x53d58c]
V  [jvm.dll+0x753438]
V  [jvm.dll+0x753524]
V  [jvm.dll+0x40babf]
V  [jvm.dll+0x411a89]
C  [java.dll+0x17ec]

Java frames: (J=compiled Java code, j=interpreted, Vv=VM code)
J 1166  java.lang.ClassLoader.defineClass1(Ljava/lang/ClassLoader;Ljava/lang/String;[BIILjava/security/ProtectionDomain;Ljava/lang/String;)Ljava/lang/Class; java.base@17.0.10 (0 bytes) @ 0x0000020e198bb163 [0x0000020e198bb0a0+0x00000000000000c3]
J 1178 c1 java.lang.ClassLoader.defineClass(Ljava/lang/String;[BIILjava/security/ProtectionDomain;)Ljava/lang/Class; java.base@17.0.10 (43 bytes) @ 0x0000020e198c23dc [0x0000020e198c22e0+0x00000000000000fc]
J 1099 c1 jdk.internal.loader.BuiltinClassLoader.defineClass(Ljava/lang/String;Ljdk/internal/loader/Resource;)Ljava/lang/Class; java.base@17.0.10 (121 bytes) @ 0x0000020e1989fa64 [0x0000020e1989f5a0+0x00000000000004c4]
J 1094 c1 jdk.internal.loader.BuiltinClassLoader.findClassOnClassPathOrNull(Ljava/lang/String;)Ljava/lang/Class; java.base@17.0.10 (64 bytes) @ 0x0000020e1989d734 [0x0000020e1989d480+0x00000000000002b4]
J 900 c1 jdk.internal.loader.BuiltinClassLoader.loadClassOrNull(Ljava/lang/String;Z)Ljava/lang/Class; java.base@17.0.10 (143 bytes) @ 0x0000020e198429dc [0x0000020e19842580+0x000000000000045c]
J 1001 c1 jdk.internal.loader.ClassLoaders$AppClassLoader.loadClass(Ljava/lang/String;Z)Ljava/lang/Class; java.base@17.0.10 (40 bytes) @ 0x0000020e19876524 [0x0000020e198763e0+0x0000000000000144]
J 993 c1 java.lang.ClassLoader.loadClass(Ljava/lang/String;)Ljava/lang/Class; java.base@17.0.10 (7 bytes) @ 0x0000020e198743e4 [0x0000020e198743a0+0x0000000000000044]
v  ~StubRoutines::call_stub
j  org.springframework.boot.cloud.CloudFoundryVcapEnvironmentPostProcessor.postProcessEnvironment(Lorg/springframework/core/env/ConfigurableEnvironment;Lorg/springframework/boot/SpringApplication;)V+0
j  org.springframework.boot.env.EnvironmentPostProcessorApplicationListener.onApplicationEnvironmentPreparedEvent(Lorg/springframework/boot/context/event/ApplicationEnvironmentPreparedEvent;)V+55
j  org.springframework.boot.env.EnvironmentPostProcessorApplicationListener.onApplicationEvent(Lorg/springframework/context/ApplicationEvent;)V+14
j  org.springframework.context.event.SimpleApplicationEventMulticaster.doInvokeListener(Lorg/springframework/context/ApplicationListener;Lorg/springframework/context/ApplicationEvent;)V+2
j  org.springframework.context.event.SimpleApplicationEventMulticaster.invokeListener(Lorg/springframework/context/ApplicationListener;Lorg/springframework/context/ApplicationEvent;)V+34
j  org.springframework.context.event.SimpleApplicationEventMulticaster.multicastEvent(Lorg/springframework/context/ApplicationEvent;Lorg/springframework/core/ResolvableType;)V+104
j  org.springframework.context.event.SimpleApplicationEventMulticaster.multicastEvent(Lorg/springframework/context/ApplicationEvent;)V+3
j  org.springframework.boot.context.event.EventPublishingRunListener.multicastInitialEvent(Lorg/springframework/context/ApplicationEvent;)V+9
j  org.springframework.boot.context.event.EventPublishingRunListener.environmentPrepared(Lorg/springframework/boot/ConfigurableBootstrapContext;Lorg/springframework/core/env/ConfigurableEnvironment;)V+18
j  org.springframework.boot.SpringApplicationRunListeners.lambda$environmentPrepared$2(Lorg/springframework/boot/ConfigurableBootstrapContext;Lorg/springframework/core/env/ConfigurableEnvironment;Lorg/springframework/boot/SpringApplicationRunListener;)V+3
j  org.springframework.boot.SpringApplicationRunListeners$$Lambda$164+0x0000020e22123b78.accept(Ljava/lang/Object;)V+12
j  java.lang.Iterable.forEach(Ljava/util/function/Consumer;)V+30 java.base@17.0.10
j  org.springframework.boot.SpringApplicationRunListeners.doWithListeners(Ljava/lang/String;Ljava/util/function/Consumer;Ljava/util/function/Consumer;)V+17
j  org.springframework.boot.SpringApplicationRunListeners.doWithListeners(Ljava/lang/String;Ljava/util/function/Consumer;)V+4
j  org.springframework.boot.SpringApplicationRunListeners.environmentPrepared(Lorg/springframework/boot/ConfigurableBootstrapContext;Lorg/springframework/core/env/ConfigurableEnvironment;)V+10
j  org.springframework.boot.SpringApplication.prepareEnvironment(Lorg/springframework/boot/SpringApplicationRunListeners;Lorg/springframework/boot/DefaultBootstrapContext;Lorg/springframework/boot/ApplicationArguments;)Lorg/springframework/core/env/ConfigurableEnvironment;+27
j  org.springframework.boot.SpringApplication.run([Ljava/lang/String;)Lorg/springframework/context/ConfigurableApplicationContext;+62
j  org.springframework.boot.SpringApplication.run([Ljava/lang/Class;[Ljava/lang/String;)Lorg/springframework/context/ConfigurableApplicationContext;+9
j  org.springframework.boot.SpringApplication.run(Ljava/lang/Class;[Ljava/lang/String;)Lorg/springframework/context/ConfigurableApplicationContext;+9
j  com.labokin.microserviceproduit.MicroserviceproduitApplication.main([Ljava/lang/String;)V+3
v  ~StubRoutines::call_stub

---------------  P R O C E S S  ---------------

Threads class SMR info:
_java_thread_list=0x0000020e66428d00, length=13, elements={
0x0000020e11d7a120, 0x0000020e20d3fdc0, 0x0000020e20d40950, 0x0000020e20d517d0,
0x0000020e20d520a0, 0x0000020e20d52970, 0x0000020e20d53240, 0x0000020e20d53bc0,
0x0000020e20d584f0, 0x0000020e6606d090, 0x0000020e663fd090, 0x0000020e663fd570,
0x0000020e66553810
}

Java Threads: ( => current thread )
=>0x0000020e11d7a120 JavaThread "main" [_thread_in_vm, id=7320, stack(0x000000e871d00000,0x000000e871e00000)]
  0x0000020e20d3fdc0 JavaThread "Reference Handler" daemon [_thread_blocked, id=5912, stack(0x000000e872400000,0x000000e872500000)]
  0x0000020e20d40950 JavaThread "Finalizer" daemon [_thread_blocked, id=16460, stack(0x000000e872500000,0x000000e872600000)]
  0x0000020e20d517d0 JavaThread "Signal Dispatcher" daemon [_thread_blocked, id=15384, stack(0x000000e872600000,0x000000e872700000)]
  0x0000020e20d520a0 JavaThread "Attach Listener" daemon [_thread_blocked, id=10368, stack(0x000000e872700000,0x000000e872800000)]
  0x0000020e20d52970 JavaThread "Service Thread" daemon [_thread_blocked, id=17772, stack(0x000000e872800000,0x000000e872900000)]
  0x0000020e20d53240 JavaThread "Monitor Deflation Thread" daemon [_thread_blocked, id=17120, stack(0x000000e872900000,0x000000e872a00000)]
  0x0000020e20d53bc0 JavaThread "C1 CompilerThread0" daemon [_thread_blocked, id=8244, stack(0x000000e872a00000,0x000000e872b00000)]
  0x0000020e20d584f0 JavaThread "Sweeper thread" daemon [_thread_blocked, id=16580, stack(0x000000e872b00000,0x000000e872c00000)]
  0x0000020e6606d090 JavaThread "Common-Cleaner" daemon [_thread_blocked, id=17520, stack(0x000000e872c00000,0x000000e872d00000)]
  0x0000020e663fd090 JavaThread "Monitor Ctrl-Break" daemon [_thread_in_native, id=3376, stack(0x000000e872d00000,0x000000e872e00000)]
  0x0000020e663fd570 JavaThread "Notification Thread" daemon [_thread_blocked, id=12304, stack(0x000000e872e00000,0x000000e872f00000)]
  0x0000020e66553810 JavaThread "RMI TCP Accept-0" daemon [_thread_in_native, id=2168, stack(0x000000e872f00000,0x000000e873000000)]

Other Threads:
  0x0000020e20d31380 VMThread "VM Thread" [stack: 0x000000e872300000,0x000000e872400000] [id=14940]
  0x0000020e20d46040 WatcherThread [stack: 0x000000e873000000,0x000000e873100000] [id=800]
  0x0000020e11db5a80 GCTaskThread "GC Thread#0" [stack: 0x000000e871e00000,0x000000e871f00000] [id=7892]
  0x0000020e665b93f0 GCTaskThread "GC Thread#1" [stack: 0x000000e873100000,0x000000e873200000] [id=17276]
  0x0000020e665fce70 GCTaskThread "GC Thread#2" [stack: 0x000000e873200000,0x000000e873300000] [id=11208]
  0x0000020e6656a960 GCTaskThread "GC Thread#3" [stack: 0x000000e873300000,0x000000e873400000] [id=13720]
  0x0000020e11dbe2a0 ConcurrentGCThread "G1 Main Marker" [stack: 0x000000e871f00000,0x000000e872000000] [id=5544]
  0x0000020e11dbeac0 ConcurrentGCThread "G1 Conc#0" [stack: 0x000000e872000000,0x000000e872100000] [id=15548]
  0x0000020e11e1e270 ConcurrentGCThread "G1 Refine#0" [stack: 0x000000e872100000,0x000000e872200000] [id=18252]
  0x0000020e665d34e0 ConcurrentGCThread "G1 Refine#1" [stack: 0x000000e873400000,0x000000e873500000] [id=12292]
  0x0000020e11e1eab0 ConcurrentGCThread "G1 Service" [stack: 0x000000e872200000,0x000000e872300000] [id=13296]

Threads with active compile tasks:

VM state: not at safepoint (normal execution)

VM Mutex/Monitor currently owned by a thread:  ([mutex/lock_event])
[0x0000020e0fbc5b10] Metaspace_lock - owner thread: 0x0000020e11d7a120

Heap address: 0x00000000c2a00000, size: 982 MB, Compressed Oops mode: 32-bit

CDS archive(s) mapped at: [0x0000020e21000000-0x0000020e21bd0000-0x0000020e21bd0000), size 12386304, SharedBaseAddress: 0x0000020e21000000, ArchiveRelocationMode: 1.
Compressed class space mapped at: 0x0000020e22000000-0x0000020e62000000, reserved size: 1073741824
Narrow klass base: 0x0000020e21000000, Narrow klass shift: 0, Narrow klass range: 0x100000000

GC Precious Log:
 CPUs: 4 total, 4 available
 Memory: 3927M
 Large Page Support: Disabled
 NUMA Support: Disabled
 Compressed Oops: Enabled (32-bit)
 Heap Region Size: 1M
 Heap Min Capacity: 8M
 Heap Initial Capacity: 62M
 Heap Max Capacity: 982M
 Pre-touch: Disabled
 Parallel Workers: 4
 Concurrent Workers: 1
 Concurrent Refinement Workers: 4
 Periodic GC: Disabled

Heap:
 garbage-first heap   total 63488K, used 10737K [0x00000000c2a00000, 0x0000000100000000)
  region size 1024K, 5 young (5120K), 1 survivors (1024K)
 Metaspace       used 8446K, committed 8576K, reserved 1114112K
  class space    used 1090K, committed 1152K, reserved 1048576K

Heap Regions: E=young(eden), S=young(survivor), O=old, HS=humongous(starts), HC=humongous(continues), CS=collection set, F=free, OA=open archive, CA=closed archive, TAMS=top-at-mark-start (previous, next)
|   0|0x00000000c2a00000, 0x00000000c2b00000, 0x00000000c2b00000|100%|HS|  |TAMS 0x00000000c2a00000, 0x00000000c2a00000| Complete 
|   1|0x00000000c2b00000, 0x00000000c2c00000, 0x00000000c2c00000|100%| O|  |TAMS 0x00000000c2b00000, 0x00000000c2b00000| Untracked 
|   2|0x00000000c2c00000, 0x00000000c2d00000, 0x00000000c2d00000|100%| O|  |TAMS 0x00000000c2c00000, 0x00000000c2c00000| Untracked 
|   3|0x00000000c2d00000, 0x00000000c2e00000, 0x00000000c2e00000|100%| O|  |TAMS 0x00000000c2d00000, 0x00000000c2d00000| Untracked 
|   4|0x00000000c2e00000, 0x00000000c2f00000, 0x00000000c2f00000|100%| O|  |TAMS 0x00000000c2e00000, 0x00000000c2e00000| Untracked 
|   5|0x00000000c2f00000, 0x00000000c3000000, 0x00000000c3000000|100%| O|  |TAMS 0x00000000c2f00000, 0x00000000c2f00000| Untracked 
|   6|0x00000000c3000000, 0x00000000c30d4800, 0x00000000c3100000| 83%| O|  |TAMS 0x00000000c3000000, 0x00000000c3000000| Untracked 
|   7|0x00000000c3100000, 0x00000000c3100000, 0x00000000c3200000|  0%| F|  |TAMS 0x00000000c3100000, 0x00000000c3100000| Untracked 
|   8|0x00000000c3200000, 0x00000000c3200000, 0x00000000c3300000|  0%| F|  |TAMS 0x00000000c3200000, 0x00000000c3200000| Untracked 
|   9|0x00000000c3300000, 0x00000000c3300000, 0x00000000c3400000|  0%| F|  |TAMS 0x00000000c3300000, 0x00000000c3300000| Untracked 
|  10|0x00000000c3400000, 0x00000000c3400000, 0x00000000c3500000|  0%| F|  |TAMS 0x00000000c3400000, 0x00000000c3400000| Untracked 
|  11|0x00000000c3500000, 0x00000000c3500000, 0x00000000c3600000|  0%| F|  |TAMS 0x00000000c3500000, 0x00000000c3500000| Untracked 
|  12|0x00000000c3600000, 0x00000000c3600000, 0x00000000c3700000|  0%| F|  |TAMS 0x00000000c3600000, 0x00000000c3600000| Untracked 
|  13|0x00000000c3700000, 0x00000000c3700000, 0x00000000c3800000|  0%| F|  |TAMS 0x00000000c3700000, 0x00000000c3700000| Untracked 
|  14|0x00000000c3800000, 0x00000000c3800000, 0x00000000c3900000|  0%| F|  |TAMS 0x00000000c3800000, 0x00000000c3800000| Untracked 
|  15|0x00000000c3900000, 0x00000000c3900000, 0x00000000c3a00000|  0%| F|  |TAMS 0x00000000c3900000, 0x00000000c3900000| Untracked 
|  16|0x00000000c3a00000, 0x00000000c3a00000, 0x00000000c3b00000|  0%| F|  |TAMS 0x00000000c3a00000, 0x00000000c3a00000| Untracked 
|  17|0x00000000c3b00000, 0x00000000c3b00000, 0x00000000c3c00000|  0%| F|  |TAMS 0x00000000c3b00000, 0x00000000c3b00000| Untracked 
|  18|0x00000000c3c00000, 0x00000000c3c00000, 0x00000000c3d00000|  0%| F|  |TAMS 0x00000000c3c00000, 0x00000000c3c00000| Untracked 
|  19|0x00000000c3d00000, 0x00000000c3d00000, 0x00000000c3e00000|  0%| F|  |TAMS 0x00000000c3d00000, 0x00000000c3d00000| Untracked 
|  20|0x00000000c3e00000, 0x00000000c3e00000, 0x00000000c3f00000|  0%| F|  |TAMS 0x00000000c3e00000, 0x00000000c3e00000| Untracked 
|  21|0x00000000c3f00000, 0x00000000c3f00000, 0x00000000c4000000|  0%| F|  |TAMS 0x00000000c3f00000, 0x00000000c3f00000| Untracked 
|  22|0x00000000c4000000, 0x00000000c4000000, 0x00000000c4100000|  0%| F|  |TAMS 0x00000000c4000000, 0x00000000c4000000| Untracked 
|  23|0x00000000c4100000, 0x00000000c4100000, 0x00000000c4200000|  0%| F|  |TAMS 0x00000000c4100000, 0x00000000c4100000| Untracked 
|  24|0x00000000c4200000, 0x00000000c4200000, 0x00000000c4300000|  0%| F|  |TAMS 0x00000000c4200000, 0x00000000c4200000| Untracked 
|  25|0x00000000c4300000, 0x00000000c4300000, 0x00000000c4400000|  0%| F|  |TAMS 0x00000000c4300000, 0x00000000c4300000| Untracked 
|  26|0x00000000c4400000, 0x00000000c4400000, 0x00000000c4500000|  0%| F|  |TAMS 0x00000000c4400000, 0x00000000c4400000| Untracked 
|  27|0x00000000c4500000, 0x00000000c4500000, 0x00000000c4600000|  0%| F|  |TAMS 0x00000000c4500000, 0x00000000c4500000| Untracked 
|  28|0x00000000c4600000, 0x00000000c4600000, 0x00000000c4700000|  0%| F|  |TAMS 0x00000000c4600000, 0x00000000c4600000| Untracked 
|  29|0x00000000c4700000, 0x00000000c4700000, 0x00000000c4800000|  0%| F|  |TAMS 0x00000000c4700000, 0x00000000c4700000| Untracked 
|  30|0x00000000c4800000, 0x00000000c4800000, 0x00000000c4900000|  0%| F|  |TAMS 0x00000000c4800000, 0x00000000c4800000| Untracked 
|  31|0x00000000c4900000, 0x00000000c4900000, 0x00000000c4a00000|  0%| F|  |TAMS 0x00000000c4900000, 0x00000000c4900000| Untracked 
|  32|0x00000000c4a00000, 0x00000000c4a00000, 0x00000000c4b00000|  0%| F|  |TAMS 0x00000000c4a00000, 0x00000000c4a00000| Untracked 
|  33|0x00000000c4b00000, 0x00000000c4b00000, 0x00000000c4c00000|  0%| F|  |TAMS 0x00000000c4b00000, 0x00000000c4b00000| Untracked 
|  34|0x00000000c4c00000, 0x00000000c4c00000, 0x00000000c4d00000|  0%| F|  |TAMS 0x00000000c4c00000, 0x00000000c4c00000| Untracked 
|  35|0x00000000c4d00000, 0x00000000c4d00000, 0x00000000c4e00000|  0%| F|  |TAMS 0x00000000c4d00000, 0x00000000c4d00000| Untracked 
|  36|0x00000000c4e00000, 0x00000000c4e00000, 0x00000000c4f00000|  0%| F|  |TAMS 0x00000000c4e00000, 0x00000000c4e00000| Untracked 
|  37|0x00000000c4f00000, 0x00000000c4f00000, 0x00000000c5000000|  0%| F|  |TAMS 0x00000000c4f00000, 0x00000000c4f00000| Untracked 
|  38|0x00000000c5000000, 0x00000000c5000000, 0x00000000c5100000|  0%| F|  |TAMS 0x00000000c5000000, 0x00000000c5000000| Untracked 
|  39|0x00000000c5100000, 0x00000000c5100000, 0x00000000c5200000|  0%| F|  |TAMS 0x00000000c5100000, 0x00000000c5100000| Untracked 
|  40|0x00000000c5200000, 0x00000000c5200000, 0x00000000c5300000|  0%| F|  |TAMS 0x00000000c5200000, 0x00000000c5200000| Untracked 
|  41|0x00000000c5300000, 0x00000000c5300000, 0x00000000c5400000|  0%| F|  |TAMS 0x00000000c5300000, 0x00000000c5300000| Untracked 
|  42|0x00000000c5400000, 0x00000000c5400000, 0x00000000c5500000|  0%| F|  |TAMS 0x00000000c5400000, 0x00000000c5400000| Untracked 
|  43|0x00000000c5500000, 0x00000000c5500000, 0x00000000c5600000|  0%| F|  |TAMS 0x00000000c5500000, 0x00000000c5500000| Untracked 
|  44|0x00000000c5600000, 0x00000000c5600000, 0x00000000c5700000|  0%| F|  |TAMS 0x00000000c5600000, 0x00000000c5600000| Untracked 
|  45|0x00000000c5700000, 0x00000000c5700000, 0x00000000c5800000|  0%| F|  |TAMS 0x00000000c5700000, 0x00000000c5700000| Untracked 
|  46|0x00000000c5800000, 0x00000000c5800000, 0x00000000c5900000|  0%| F|  |TAMS 0x00000000c5800000, 0x00000000c5800000| Untracked 
|  47|0x00000000c5900000, 0x00000000c5900000, 0x00000000c5a00000|  0%| F|  |TAMS 0x00000000c5900000, 0x00000000c5900000| Untracked 
|  48|0x00000000c5a00000, 0x00000000c5a00000, 0x00000000c5b00000|  0%| F|  |TAMS 0x00000000c5a00000, 0x00000000c5a00000| Untracked 
|  49|0x00000000c5b00000, 0x00000000c5b00000, 0x00000000c5c00000|  0%| F|  |TAMS 0x00000000c5b00000, 0x00000000c5b00000| Untracked 
|  50|0x00000000c5c00000, 0x00000000c5c00000, 0x00000000c5d00000|  0%| F|  |TAMS 0x00000000c5c00000, 0x00000000c5c00000| Untracked 
|  51|0x00000000c5d00000, 0x00000000c5d00000, 0x00000000c5e00000|  0%| F|  |TAMS 0x00000000c5d00000, 0x00000000c5d00000| Untracked 
|  52|0x00000000c5e00000, 0x00000000c5e00000, 0x00000000c5f00000|  0%| F|  |TAMS 0x00000000c5e00000, 0x00000000c5e00000| Untracked 
|  53|0x00000000c5f00000, 0x00000000c5fa7e80, 0x00000000c6000000| 65%| S|CS|TAMS 0x00000000c5f00000, 0x00000000c5f00000| Complete 
|  54|0x00000000c6000000, 0x00000000c6000000, 0x00000000c6100000|  0%| F|  |TAMS 0x00000000c6000000, 0x00000000c6000000| Untracked 
|  55|0x00000000c6100000, 0x00000000c6100000, 0x00000000c6200000|  0%| F|  |TAMS 0x00000000c6100000, 0x00000000c6100000| Untracked 
|  56|0x00000000c6200000, 0x00000000c6200000, 0x00000000c6300000|  0%| F|  |TAMS 0x00000000c6200000, 0x00000000c6200000| Untracked 
|  57|0x00000000c6300000, 0x00000000c6300000, 0x00000000c6400000|  0%| F|  |TAMS 0x00000000c6300000, 0x00000000c6300000| Untracked 
|  58|0x00000000c6400000, 0x00000000c64c8ca0, 0x00000000c6500000| 78%| E|  |TAMS 0x00000000c6400000, 0x00000000c6400000| Complete 
|  59|0x00000000c6500000, 0x00000000c6600000, 0x00000000c6600000|100%| E|CS|TAMS 0x00000000c6500000, 0x00000000c6500000| Complete 
|  60|0x00000000c6600000, 0x00000000c6700000, 0x00000000c6700000|100%| E|CS|TAMS 0x00000000c6600000, 0x00000000c6600000| Complete 
|  61|0x00000000c6700000, 0x00000000c6800000, 0x00000000c6800000|100%| E|CS|TAMS 0x00000000c6700000, 0x00000000c6700000| Complete 

Card table byte_map: [0x0000020e1c600000,0x0000020e1c7f0000] _byte_map_base: 0x0000020e1bfeb000

Marking Bits (Prev, Next): (CMBitMap*) 0x0000020e11db5eb0, (CMBitMap*) 0x0000020e11db5ef0
 Prev Bits: [0x0000020e1c9e0000, 0x0000020e1d938000)
 Next Bits: [0x0000020e1d940000, 0x0000020e1e898000)

Polling page: 0x0000020e0fcb0000

Metaspace:

Usage:
  Non-class:      7.18 MB used.
      Class:      1.06 MB used.
       Both:      8.25 MB used.

Virtual space:
  Non-class space:       64.00 MB reserved,       7.25 MB ( 11%) committed,  1 nodes.
      Class space:        1.00 GB reserved,       1.12 MB ( <1%) committed,  1 nodes.
             Both:        1.06 GB reserved,       8.38 MB ( <1%) committed. 

Chunk freelists:
   Non-Class:  8.42 MB
       Class:  14.83 MB
        Both:  23.25 MB

MaxMetaspaceSize: unlimited
CompressedClassSpaceSize: 1.00 GB
Initial GC threshold: 21.00 MB
Current GC threshold: 21.00 MB
CDS: on
MetaspaceReclaimPolicy: balanced
 - commit_granule_bytes: 65536.
 - commit_granule_words: 8192.
 - virtual_space_node_default_size: 8388608.
 - enlarge_chunks_in_place: 1.
 - new_chunks_are_fully_committed: 0.
 - uncommit_free_chunks: 1.
 - use_allocation_guard: 0.
 - handle_deallocations: 1.


Internal statistics:

num_allocs_failed_limit: 0.
num_arena_births: 140.
num_arena_deaths: 0.
num_vsnodes_births: 2.
num_vsnodes_deaths: 0.
num_space_committed: 134.
num_space_uncommitted: 0.
num_chunks_returned_to_freelist: 0.
num_chunks_taken_from_freelist: 297.
num_chunk_merges: 0.
num_chunk_splits: 191.
num_chunks_enlarged: 133.
num_inconsistent_stats: 0.

CodeCache: size=49152Kb used=3022Kb max_used=3022Kb free=46129Kb
 bounds [0x0000020e19600000, 0x0000020e19900000, 0x0000020e1c600000]
 total_blobs=1749 nmethods=1302 adapters=376
 compilation: enabled
              stopped_count=0, restarted_count=0
 full_count=0

Compilation events (20 events):
Event: 5.045 Thread 0x0000020e20d53bc0 1294       1       java.lang.StringLatin1$CharsSpliterator::characteristics (5 bytes)
Event: 5.045 Thread 0x0000020e20d53bc0 nmethod 1294 0x0000020e198f0e90 code [0x0000020e198f1020, 0x0000020e198f10f8]
Event: 5.045 Thread 0x0000020e20d53bc0 1295       1       java.util.stream.MatchOps$BooleanTerminalSink::cancellationRequested (5 bytes)
Event: 5.045 Thread 0x0000020e20d53bc0 nmethod 1295 0x0000020e198f1190 code [0x0000020e198f1320, 0x0000020e198f13f8]
Event: 5.045 Thread 0x0000020e20d53bc0 1292       1       org.springframework.boot.context.properties.source.SpringIterableConfigurationPropertySource$Mappings::add (23 bytes)
Event: 5.046 Thread 0x0000020e20d53bc0 nmethod 1292 0x0000020e198f1490 code [0x0000020e198f1640, 0x0000020e198f17b8]
Event: 5.046 Thread 0x0000020e20d53bc0 1297       1       java.util.stream.StreamOpFlag::fromCharacteristics (37 bytes)
Event: 5.046 Thread 0x0000020e20d53bc0 nmethod 1297 0x0000020e198f1890 code [0x0000020e198f1a40, 0x0000020e198f1b98]
Event: 5.046 Thread 0x0000020e20d53bc0 1298       1       java.util.stream.AbstractPipeline::<init> (55 bytes)
Event: 5.047 Thread 0x0000020e20d53bc0 nmethod 1298 0x0000020e198f1c90 code [0x0000020e198f1e20, 0x0000020e198f1ff8]
Event: 5.047 Thread 0x0000020e20d53bc0 1302       1       java.util.stream.AbstractPipeline::wrapSink (37 bytes)
Event: 5.047 Thread 0x0000020e20d53bc0 nmethod 1302 0x0000020e198f2090 code [0x0000020e198f2240, 0x0000020e198f2418]
Event: 5.047 Thread 0x0000020e20d53bc0 1299       1       java.util.Spliterator::getExactSizeIfKnown (25 bytes)
Event: 5.048 Thread 0x0000020e20d53bc0 nmethod 1299 0x0000020e198f2590 code [0x0000020e198f2740, 0x0000020e198f2878]
Event: 5.048 Thread 0x0000020e20d53bc0 1296       1       org.springframework.boot.context.properties.source.ConfigurationPropertyName::isEmpty (16 bytes)
Event: 5.049 Thread 0x0000020e20d53bc0 nmethod 1296 0x0000020e198f2910 code [0x0000020e198f2aa0, 0x0000020e198f2b78]
Event: 5.049 Thread 0x0000020e20d53bc0 1300       1       java.util.stream.AbstractPipeline::sourceSpliterator (265 bytes)
Event: 5.051 Thread 0x0000020e20d53bc0 nmethod 1300 0x0000020e198f2c10 code [0x0000020e198f2e00, 0x0000020e198f3308]
Event: 5.051 Thread 0x0000020e20d53bc0 1301       1       java.util.stream.AbstractPipeline::wrapAndCopyInto (18 bytes)
Event: 5.051 Thread 0x0000020e20d53bc0 nmethod 1301 0x0000020e198f3610 code [0x0000020e198f37c0, 0x0000020e198f39e8]

GC Heap History (4 events):
Event: 3.530 GC heap before
{Heap before GC invocations=0 (full 0):
 garbage-first heap   total 63488K, used 14336K [0x00000000c2a00000, 0x0000000100000000)
  region size 1024K, 13 young (13312K), 0 survivors (0K)
 Metaspace       used 5573K, committed 5824K, reserved 1114112K
  class space    used 658K, committed 768K, reserved 1048576K
}
Event: 3.546 GC heap after
{Heap after GC invocations=1 (full 0):
 garbage-first heap   total 63488K, used 6828K [0x00000000c2a00000, 0x0000000100000000)
  region size 1024K, 2 young (2048K), 2 survivors (2048K)
 Metaspace       used 5573K, committed 5824K, reserved 1114112K
  class space    used 658K, committed 768K, reserved 1048576K
}
Event: 4.561 GC heap before
{Heap before GC invocations=1 (full 0):
 garbage-first heap   total 63488K, used 15020K [0x00000000c2a00000, 0x0000000100000000)
  region size 1024K, 10 young (10240K), 2 survivors (2048K)
 Metaspace       used 7577K, committed 7808K, reserved 1114112K
  class space    used 962K, committed 1088K, reserved 1048576K
}
Event: 4.576 GC heap after
{Heap after GC invocations=2 (full 0):
 garbage-first heap   total 63488K, used 7665K [0x00000000c2a00000, 0x0000000100000000)
  region size 1024K, 1 young (1024K), 1 survivors (1024K)
 Metaspace       used 7577K, committed 7808K, reserved 1114112K
  class space    used 962K, committed 1088K, reserved 1048576K
}

Deoptimization events (0 events):
No events

Classes unloaded (0 events):
No events

Classes redefined (0 events):
No events

Internal exceptions (20 events):
Event: 2.434 Thread 0x0000020e11d7a120 Exception <a 'java/lang/NoSuchMethodError'{0x00000000c5e38be8}: 'void java.lang.invoke.DirectMethodHandle$Holder.invokeStatic(java.lang.Object, java.lang.Object, java.lang.Object)'> (0x00000000c5e38be8) 
thrown [s\open\src\hotspot\share\interpreter\linkResolver.cpp, line 759]
Event: 2.486 Thread 0x0000020e11d7a120 Exception <a 'java/lang/NoSuchMethodError'{0x00000000c5e757d0}: 'int java.lang.invoke.DirectMethodHandle$Holder.invokeSpecialIFC(java.lang.Object, java.lang.Object, java.lang.Object)'> (0x00000000c5e757d0) 
thrown [s\open\src\hotspot\share\interpreter\linkResolver.cpp, line 759]
Event: 2.649 Thread 0x0000020e11d7a120 Exception <a 'java/lang/NoSuchMethodError'{0x00000000c5eebe60}: 'java.lang.Object java.lang.invoke.DirectMethodHandle$Holder.invokeStaticInit(java.lang.Object, int, int, int, int)'> (0x00000000c5eebe60) 
thrown [s\open\src\hotspot\share\interpreter\linkResolver.cpp, line 759]
Event: 2.904 Thread 0x0000020e11d7a120 Exception <a 'java/lang/NoSuchMethodError'{0x00000000c5d1bee0}: 'java.lang.Object java.lang.invoke.DirectMethodHandle$Holder.invokeStaticInit(java.lang.Object, java.lang.Object, int, int, int, int)'> (0x00000000c5d1bee0) 
thrown [s\open\src\hotspot\share\interpreter\linkResolver.cpp, line 759]
Event: 3.012 Thread 0x0000020e11d7a120 Exception <a 'java/lang/ClassNotFoundException'{0x00000000c5d3a370}: javax/management/remote/rmi/RMIServerImpl_Skel> (0x00000000c5d3a370) 
thrown [s\open\src\hotspot\share\classfile\systemDictionary.cpp, line 256]
Event: 3.461 Thread 0x0000020e11d7a120 Exception <a 'java/lang/ClassNotFoundException'{0x00000000c5b94bf0}: javax/smartcardio/CardPermission> (0x00000000c5b94bf0) 
thrown [s\open\src\hotspot\share\classfile\systemDictionary.cpp, line 256]
Event: 3.472 Thread 0x0000020e11d7a120 Exception <a 'java/io/FileNotFoundException'{0x00000000c5ba3120}> (0x00000000c5ba3120) 
thrown [s\open\src\hotspot\share\prims\jni.cpp, line 516]
Event: 3.553 Thread 0x0000020e11d7a120 Exception <a 'java/lang/NoSuchMethodError'{0x00000000c6702f10}: 'java.lang.Object java.lang.invoke.DirectMethodHandle$Holder.invokeSpecial(java.lang.Object, java.lang.Object, java.lang.Object, long, java.lang.Object)'> (0x00000000c6702f10) 
thrown [s\open\src\hotspot\share\interpreter\linkResolver.cpp, line 759]
Event: 3.554 Thread 0x0000020e11d7a120 Exception <a 'java/lang/NoSuchMethodError'{0x00000000c6706ae0}: 'java.lang.Object java.lang.invoke.Invokers$Holder.linkToTargetMethod(java.lang.Object, long, java.lang.Object, java.lang.Object)'> (0x00000000c6706ae0) 
thrown [s\open\src\hotspot\share\interpreter\linkResolver.cpp, line 759]
Event: 3.770 Thread 0x0000020e11d7a120 Exception <a 'java/lang/NoSuchMethodError'{0x00000000c66ab190}: 'void java.lang.invoke.DirectMethodHandle$Holder.invokeStatic(java.lang.Object, java.lang.Object, java.lang.Object, java.lang.Object)'> (0x00000000c66ab190) 
thrown [s\open\src\hotspot\share\interpreter\linkResolver.cpp, line 759]
Event: 3.898 Thread 0x0000020e11d7a120 Exception <a 'java/lang/NoSuchMethodError'{0x00000000c65c7520}: 'int java.lang.invoke.DirectMethodHandle$Holder.invokeStaticInit(java.lang.Object, java.lang.Object)'> (0x00000000c65c7520) 
thrown [s\open\src\hotspot\share\interpreter\linkResolver.cpp, line 759]
Event: 3.938 Thread 0x0000020e11d7a120 Exception <a 'java/lang/NoSuchMethodError'{0x00000000c640b120}: 'void java.lang.invoke.DirectMethodHandle$Holder.invokeInterface(java.lang.Object, java.lang.Object, java.lang.Object, java.lang.Object)'> (0x00000000c640b120) 
thrown [s\open\src\hotspot\share\interpreter\linkResolver.cpp, line 759]
Event: 4.146 Thread 0x0000020e11d7a120 Exception <a 'java/lang/NoSuchMethodError'{0x00000000c63b0ad0}: 'java.lang.Object java.lang.invoke.DirectMethodHandle$Holder.invokeInterface(java.lang.Object, java.lang.Object)'> (0x00000000c63b0ad0) 
thrown [s\open\src\hotspot\share\interpreter\linkResolver.cpp, line 759]
Event: 4.182 Thread 0x0000020e11d7a120 Exception <a 'java/lang/NoSuchMethodError'{0x00000000c63fdbc8}: 'java.lang.Object java.lang.invoke.DirectMethodHandle$Holder.invokeSpecialIFC(java.lang.Object, java.lang.Object, java.lang.Object, java.lang.Object)'> (0x00000000c63fdbc8) 
thrown [s\open\src\hotspot\share\interpreter\linkResolver.cpp, line 759]
Event: 4.196 Thread 0x0000020e11d7a120 Exception <a 'java/lang/NoSuchMethodError'{0x00000000c621bf28}: 'java.lang.Object java.lang.invoke.DirectMethodHandle$Holder.invokeInterface(java.lang.Object, java.lang.Object, java.lang.Object)'> (0x00000000c621bf28) 
thrown [s\open\src\hotspot\share\interpreter\linkResolver.cpp, line 759]
Event: 4.282 Thread 0x0000020e11d7a120 Exception <a 'java/lang/NoSuchMethodError'{0x00000000c62e07e0}: 'int java.lang.invoke.DirectMethodHandle$Holder.invokeStaticInit(java.lang.Object, java.lang.Object, java.lang.Object)'> (0x00000000c62e07e0) 
thrown [s\open\src\hotspot\share\interpreter\linkResolver.cpp, line 759]
Event: 4.324 Thread 0x0000020e11d7a120 Exception <a 'java/lang/NoSuchMethodError'{0x00000000c6140340}: 'java.lang.Object java.lang.invoke.DirectMethodHandle$Holder.newInvokeSpecial(java.lang.Object, java.lang.Object, java.lang.Object, java.lang.Object, java.lang.Object)'> (0x00000000c6140340) 
thrown [s\open\src\hotspot\share\interpreter\linkResolver.cpp, line 759]
Event: 4.346 Thread 0x0000020e11d7a120 Exception <a 'java/lang/NoSuchMethodError'{0x00000000c6196048}: 'java.lang.Object java.lang.invoke.DirectMethodHandle$Holder.invokeStaticInit(java.lang.Object, java.lang.Object, java.lang.Object)'> (0x00000000c6196048) 
thrown [s\open\src\hotspot\share\interpreter\linkResolver.cpp, line 759]
Event: 4.407 Thread 0x0000020e11d7a120 Exception <a 'java/lang/IncompatibleClassChangeError'{0x00000000c600a660}: Found class java.lang.Object, but interface was expected> (0x00000000c600a660) 
thrown [s\open\src\hotspot\share\interpreter\linkResolver.cpp, line 826]
Event: 4.478 Thread 0x0000020e11d7a120 Exception <a 'sun/nio/fs/WindowsException'{0x00000000c608d3e0}> (0x00000000c608d3e0) 
thrown [s\open\src\hotspot\share\prims\jni.cpp, line 516]

VM Operations (20 events):
Event: 0.903 Executing VM operation: HandshakeAllThreads
Event: 0.903 Executing VM operation: HandshakeAllThreads done
Event: 1.710 Executing VM operation: HandshakeAllThreads
Event: 1.710 Executing VM operation: HandshakeAllThreads done
Event: 1.711 Executing VM operation: Cleanup
Event: 1.713 Executing VM operation: Cleanup done
Event: 2.580 Executing VM operation: HandshakeAllThreads
Event: 2.580 Executing VM operation: HandshakeAllThreads done
Event: 3.304 Executing VM operation: HandshakeAllThreads
Event: 3.305 Executing VM operation: HandshakeAllThreads done
Event: 3.305 Executing VM operation: Cleanup
Event: 3.305 Executing VM operation: Cleanup done
Event: 3.323 Executing VM operation: HandshakeAllThreads
Event: 3.324 Executing VM operation: HandshakeAllThreads done
Event: 3.527 Executing VM operation: G1CollectForAllocation
Event: 3.546 Executing VM operation: G1CollectForAllocation done
Event: 4.485 Executing VM operation: HandshakeAllThreads
Event: 4.485 Executing VM operation: HandshakeAllThreads done
Event: 4.561 Executing VM operation: G1CollectForAllocation
Event: 4.589 Executing VM operation: G1CollectForAllocation done

Events (20 events):
Event: 4.892 loading class sun/reflect/generics/tree/ByteSignature
Event: 4.892 loading class sun/reflect/generics/tree/ByteSignature done
Event: 4.991 loading class java/util/function/UnaryOperator
Event: 4.996 loading class java/util/function/UnaryOperator done
Event: 4.998 loading class java/util/ConcurrentModificationException
Event: 4.999 loading class java/util/ConcurrentModificationException done
Event: 5.001 loading class java/util/concurrent/ConcurrentHashMap$KeySpliterator
Event: 5.001 loading class java/util/concurrent/ConcurrentHashMap$KeySpliterator done
Event: 5.025 loading class java/lang/ProcessEnvironment$CheckedKeySet
Event: 5.025 loading class java/lang/ProcessEnvironment$CheckedKeySet done
Event: 5.029 loading class java/util/stream/MatchOps$MatchKind
Event: 5.033 loading class java/util/stream/MatchOps$MatchKind done
Event: 5.033 loading class java/util/stream/MatchOps
Event: 5.034 loading class java/util/stream/MatchOps done
Event: 5.034 loading class java/util/stream/MatchOps$MatchOp
Event: 5.035 loading class java/util/stream/MatchOps$MatchOp done
Event: 5.036 loading class java/util/stream/MatchOps$BooleanTerminalSink
Event: 5.036 loading class java/util/stream/MatchOps$BooleanTerminalSink done
Event: 5.037 loading class java/util/stream/MatchOps$2MatchSink
Event: 5.038 loading class java/util/stream/MatchOps$2MatchSink done


Dynamic libraries:
0x00007ff713a40000 - 0x00007ff713a50000 	C:\Program Files\Java\jdk-17\bin\java.exe
0x00007ff943770000 - 0x00007ff943968000 	C:\WINDOWS\SYSTEM32\ntdll.dll
0x00007ff9435c0000 - 0x00007ff94367d000 	C:\WINDOWS\System32\KERNEL32.DLL
0x00007ff941060000 - 0x00007ff941356000 	C:\WINDOWS\System32\KERNELBASE.dll
0x00007ff941590000 - 0x00007ff941690000 	C:\WINDOWS\System32\ucrtbase.dll
0x00007ff9150d0000 - 0x00007ff9150e9000 	C:\Program Files\Java\jdk-17\bin\jli.dll
0x00007ff942570000 - 0x00007ff942620000 	C:\WINDOWS\System32\ADVAPI32.dll
0x00007ff9150b0000 - 0x00007ff9150cb000 	C:\Program Files\Java\jdk-17\bin\VCRUNTIME140.dll
0x00007ff942370000 - 0x00007ff94240e000 	C:\WINDOWS\System32\msvcrt.dll
0x00007ff9418a0000 - 0x00007ff941940000 	C:\WINDOWS\System32\sechost.dll
0x00007ff943380000 - 0x00007ff9434a3000 	C:\WINDOWS\System32\RPCRT4.dll
0x00007ff941030000 - 0x00007ff941057000 	C:\WINDOWS\System32\bcrypt.dll
0x00007ff9421d0000 - 0x00007ff94236f000 	C:\WINDOWS\System32\USER32.dll
0x00007ff941560000 - 0x00007ff941582000 	C:\WINDOWS\System32\win32u.dll
0x00007ff92df60000 - 0x00007ff92e1fa000 	C:\WINDOWS\WinSxS\amd64_microsoft.windows.common-controls_6595b64144ccf1df_6.0.19041.3636_none_60b6a03d71f818d5\COMCTL32.dll
0x00007ff942be0000 - 0x00007ff942c0b000 	C:\WINDOWS\System32\GDI32.dll
0x00007ff940f10000 - 0x00007ff941027000 	C:\WINDOWS\System32\gdi32full.dll
0x00007ff9417f0000 - 0x00007ff94188d000 	C:\WINDOWS\System32\msvcp_win.dll
0x00007ff940a70000 - 0x00007ff940a7a000 	C:\WINDOWS\SYSTEM32\VERSION.dll
0x00007ff942180000 - 0x00007ff9421b2000 	C:\WINDOWS\System32\IMM32.DLL
0x0000000050e60000 - 0x0000000050e6c000 	C:\Program Files (x86)\360\Total Security\safemon\SafeWrapper.dll
0x00007ff8bacf0000 - 0x00007ff8bad82000 	C:\Program Files (x86)\360\Total Security\safemon\libzdtp64.dll
0x00007ff942c10000 - 0x00007ff94337b000 	C:\WINDOWS\System32\SHELL32.dll
0x00007ff942620000 - 0x00007ff942675000 	C:\WINDOWS\System32\SHLWAPI.dll
0x00007ff916d30000 - 0x00007ff916d3c000 	C:\Program Files\Java\jdk-17\bin\vcruntime140_1.dll
0x00007ff915020000 - 0x00007ff9150ae000 	C:\Program Files\Java\jdk-17\bin\msvcp140.dll
0x00007ff8d6480000 - 0x00007ff8d705f000 	C:\Program Files\Java\jdk-17\bin\server\jvm.dll
0x00007ff9421c0000 - 0x00007ff9421c8000 	C:\WINDOWS\System32\PSAPI.DLL
0x00007ff925300000 - 0x00007ff925327000 	C:\WINDOWS\SYSTEM32\WINMM.dll
0x00007ff9254c0000 - 0x00007ff9254c9000 	C:\WINDOWS\SYSTEM32\WSOCK32.dll
0x00007ff941db0000 - 0x00007ff941e1b000 	C:\WINDOWS\System32\WS2_32.dll
0x00007ff93f710000 - 0x00007ff93f722000 	C:\WINDOWS\SYSTEM32\kernel.appcore.dll
0x00007ff916720000 - 0x00007ff91672a000 	C:\Program Files\Java\jdk-17\bin\jimage.dll
0x00007ff93f390000 - 0x00007ff93f574000 	C:\WINDOWS\SYSTEM32\DBGHELP.DLL
0x00007ff929eb0000 - 0x00007ff929ee4000 	C:\WINDOWS\SYSTEM32\dbgcore.DLL
0x00007ff941410000 - 0x00007ff941492000 	C:\WINDOWS\System32\bcryptPrimitives.dll
0x00007ff93c580000 - 0x00007ff93c58e000 	C:\Program Files\Java\jdk-17\bin\instrument.dll
0x00007ff913f30000 - 0x00007ff913f55000 	C:\Program Files\Java\jdk-17\bin\java.dll
0x00007ff911ac0000 - 0x00007ff911b97000 	C:\Program Files\Java\jdk-17\bin\jsvml.dll
0x00007ff93eb20000 - 0x00007ff93f2be000 	C:\WINDOWS\SYSTEM32\windows.storage.dll
0x00007ff941e20000 - 0x00007ff942173000 	C:\WINDOWS\System32\combase.dll
0x00007ff9408d0000 - 0x00007ff9408fe000 	C:\WINDOWS\SYSTEM32\Wldp.dll
0x00007ff9424a0000 - 0x00007ff94256d000 	C:\WINDOWS\System32\OLEAUT32.dll
0x00007ff9434b0000 - 0x00007ff94355d000 	C:\WINDOWS\System32\SHCORE.dll
0x00007ff940e40000 - 0x00007ff940e63000 	C:\WINDOWS\SYSTEM32\profapi.dll
0x00007ff913300000 - 0x00007ff913318000 	C:\Program Files\Java\jdk-17\bin\zip.dll
0x00007ff9142c0000 - 0x00007ff9142d9000 	C:\Program Files\Java\jdk-17\bin\net.dll
0x00007ff934d60000 - 0x00007ff934e6a000 	C:\WINDOWS\SYSTEM32\WINHTTP.dll
0x00007ff940630000 - 0x00007ff94069a000 	C:\WINDOWS\system32\mswsock.dll
0x00007ff913bf0000 - 0x00007ff913c06000 	C:\Program Files\Java\jdk-17\bin\nio.dll
0x00007ff939fa0000 - 0x00007ff939fba000 	C:\Program Files\JetBrains\IntelliJ IDEA 2023.1.3\bin\breakgen64.dll
0x00007ff940300000 - 0x00007ff9403cb000 	C:\WINDOWS\SYSTEM32\DNSAPI.dll
0x00007ff9402c0000 - 0x00007ff9402fb000 	C:\WINDOWS\SYSTEM32\IPHLPAPI.DLL
0x00007ff941890000 - 0x00007ff941898000 	C:\WINDOWS\System32\NSI.dll
0x00007ff939650000 - 0x00007ff93965a000 	C:\Windows\System32\rasadhlp.dll
0x00007ff9296b0000 - 0x00007ff929730000 	C:\WINDOWS\System32\fwpuclnt.dll
0x00007ff939f90000 - 0x00007ff939f9a000 	C:\Program Files\Java\jdk-17\bin\management.dll
0x00007ff939f70000 - 0x00007ff939f7b000 	C:\Program Files\Java\jdk-17\bin\management_ext.dll
0x00007ff940820000 - 0x00007ff940838000 	C:\WINDOWS\SYSTEM32\CRYPTSP.dll
0x00007ff93fee0000 - 0x00007ff93ff14000 	C:\WINDOWS\system32\rsaenh.dll
0x00007ff940e00000 - 0x00007ff940e2e000 	C:\WINDOWS\SYSTEM32\USERENV.dll
0x00007ff940840000 - 0x00007ff94084c000 	C:\WINDOWS\SYSTEM32\CRYPTBASE.dll
0x00007ff9367e0000 - 0x00007ff9367f7000 	C:\WINDOWS\SYSTEM32\dhcpcsvc6.DLL
0x00007ff937720000 - 0x00007ff93773d000 	C:\WINDOWS\SYSTEM32\dhcpcsvc.DLL
0x00007ff920260000 - 0x00007ff920277000 	C:\WINDOWS\system32\napinsp.dll
0x00007ff920240000 - 0x00007ff92025b000 	C:\WINDOWS\system32\pnrpnsp.dll
0x00007ff93ba70000 - 0x00007ff93ba85000 	C:\WINDOWS\system32\wshbth.dll
0x00007ff93bcc0000 - 0x00007ff93bcdd000 	C:\WINDOWS\system32\NLAapi.dll
0x00007ff920220000 - 0x00007ff920232000 	C:\WINDOWS\System32\winrnr.dll

dbghelp: loaded successfully - version: 4.0.5 - missing functions: none
symbol engine: initialized successfully - sym options: 0x614 - pdb path: .;C:\Program Files\Java\jdk-17\bin;C:\WINDOWS\SYSTEM32;C:\WINDOWS\WinSxS\amd64_microsoft.windows.common-controls_6595b64144ccf1df_6.0.19041.3636_none_60b6a03d71f818d5;C:\Program Files (x86)\360\Total Security\safemon;C:\Program Files\Java\jdk-17\bin\server;C:\Program Files\JetBrains\IntelliJ IDEA 2023.1.3\bin

VM Arguments:
jvm_args: -XX:TieredStopAtLevel=1 -Dspring.output.ansi.enabled=always -Dcom.sun.management.jmxremote -Dspring.jmx.enabled=true -Dspring.liveBeansView.mbeanDomain -Dspring.application.admin.enabled=true -Dmanagement.endpoints.jmx.exposure.include=* -javaagent:C:\Program Files\JetBrains\IntelliJ IDEA 2023.1.3\lib\idea_rt.jar=64008:C:\Program Files\JetBrains\IntelliJ IDEA 2023.1.3\bin -Dfile.encoding=UTF-8 
java_command: com.labokin.microserviceproduit.MicroserviceproduitApplication
java_class_path (initial): C:\microserviceproduit\microserviceproduit\target\classes;C:\Users\User\.m2\repository\org\springframework\boot\spring-boot-starter-data-jpa\3.2.6\spring-boot-starter-data-jpa-3.2.6.jar;C:\Users\User\.m2\repository\org\springframework\boot\spring-boot-starter-aop\3.2.6\spring-boot-starter-aop-3.2.6.jar;C:\Users\User\.m2\repository\org\springframework\spring-aop\6.1.8\spring-aop-6.1.8.jar;C:\Users\User\.m2\repository\org\aspectj\aspectjweaver\1.9.22\aspectjweaver-1.9.22.jar;C:\Users\User\.m2\repository\org\springframework\boot\spring-boot-starter-jdbc\3.2.6\spring-boot-starter-jdbc-3.2.6.jar;C:\Users\User\.m2\repository\com\zaxxer\HikariCP\5.0.1\HikariCP-5.0.1.jar;C:\Users\User\.m2\repository\org\springframework\spring-jdbc\6.1.8\spring-jdbc-6.1.8.jar;C:\Users\User\.m2\repository\org\hibernate\orm\hibernate-core\6.4.8.Final\hibernate-core-6.4.8.Final.jar;C:\Users\User\.m2\repository\jakarta\persistence\jakarta.persistence-api\3.1.0\jakarta.persistence-api-3.1.0.jar;C:\Users\User\.m2\repository\jakarta\transaction\jakarta.transaction-api\2.0.1\jakarta.transaction-api-2.0.1.jar;C:\Users\User\.m2\repository\org\jboss\logging\jboss-logging\3.5.3.Final\jboss-logging-3.5.3.Final.jar;C:\Users\User\.m2\repository\org\hibernate\common\hibernate-commons-annotations\6.0.6.Final\hibernate-commons-annotations-6.0.6.Final.jar;C:\Users\User\.m2\repository\io\smallrye\jandex\3.1.2\jandex-3.1.2.jar;C:\Users\User\.m2\repository\com\fasterxml\classmate\1.6.0\classmate-1.6.0.jar;C:\Users\User\.m2\repository\net\bytebuddy\byte-buddy\1.14.16\byte-buddy-1.14.16.jar;C:\Users\User\.m2\repository\org\glassfish\jaxb\jaxb-runtime\4.0.5\jaxb-runtime-4.0.5.jar;C:\Users\User\.m2\repository\org\glassfish\jaxb\jaxb-core\4.0.5\jaxb-core-4.0.5.jar;C:\Users\User\.m2\repository\org\eclipse\angus\angus-activation\2.0.2\angus-activation-2.0.2.jar;C:\Users\User\.m2\repository\org\glassfish\jaxb\txw2\4.0.5\txw2-4.0.5.jar;C:\Users\User\.m2\repository\com\sun\istack\istack-commons
Launcher Type: SUN_STANDARD

[Global flags]
     intx CICompilerCount                          = 3                                         {product} {ergonomic}
     uint ConcGCThreads                            = 1                                         {product} {ergonomic}
     uint G1ConcRefinementThreads                  = 4                                         {product} {ergonomic}
   size_t G1HeapRegionSize                         = 1048576                                   {product} {ergonomic}
    uintx GCDrainStackTargetSize                   = 64                                        {product} {ergonomic}
   size_t InitialHeapSize                          = 65011712                                  {product} {ergonomic}
     bool ManagementServer                         = true                                      {product} {command line}
   size_t MarkStackSize                            = 4194304                                   {product} {ergonomic}
   size_t MaxHeapSize                              = 1029701632                                {product} {ergonomic}
   size_t MaxNewSize                               = 617611264                                 {product} {ergonomic}
   size_t MinHeapDeltaBytes                        = 1048576                                   {product} {ergonomic}
   size_t MinHeapSize                              = 8388608                                   {product} {ergonomic}
    uintx NonProfiledCodeHeapSize                  = 0                                      {pd product} {ergonomic}
     bool ProfileInterpreter                       = false                                  {pd product} {command line}
    uintx ProfiledCodeHeapSize                     = 0                                      {pd product} {ergonomic}
   size_t SoftMaxHeapSize                          = 1029701632                             {manageable} {ergonomic}
     intx TieredStopAtLevel                        = 1                                         {product} {command line}
     bool UseCompressedClassPointers               = true                           {product lp64_product} {ergonomic}
     bool UseCompressedOops                        = true                           {product lp64_product} {ergonomic}
     bool UseG1GC                                  = true                                      {product} {ergonomic}
     bool UseLargePagesIndividualAllocation        = false                                  {pd product} {ergonomic}

Logging:
Log output configuration:
 #0: stdout all=warning uptime,level,tags
 #1: stderr all=off uptime,level,tags

Environment Variables:
JAVA_HOME=C:\Program Files\Java\jdk-17\bin
PATH=C:\Program Files\Microsoft MPI\Bin\;C:\Program Files\Common Files\Oracle\Java\javapath;C:\WINDOWS\system32;C:\WINDOWS;C:\WINDOWS\System32\Wbem;C:\WINDOWS\System32\WindowsPowerShell\v1.0\;C:\WINDOWS\System32\OpenSSH\;C:\Program Files\Microsoft SQL Server\Client SDK\ODBC\170\Tools\Binn\;C:\Program Files\dotnet\;C:\Program Files\Git\cmd;C:\Program Files (x86)\Microsoft SQL Server\160\DTS\Binn\;C:\Program Files (x86)\Microsoft SQL Server\100\Tools\Binn\;C:\Program Files (x86)\Microsoft SQL Server\100\DTS\Binn\;C:\Program Files (x86)\Microsoft SQL Server\100\Tools\Binn\VSShell\Common7\IDE\;C:\Program Files (x86)\Microsoft Visual Studio 9.0\Common7\IDE\PrivateAssemblies\;C:\Program Files\Microsoft SQL Server\150\Tools\Binn\;C:\Users\User\AppData\Local\Microsoft\WindowsApps;C:\Users\User\.dotnet\tools;C:\Program Files\JetBrains\IntelliJ IDEA 2023.1.3\bin;;C:\Users\User\AppData\Local\GitHubDesktop\bin;C:\Users\User\AppData\Local\Programs\Microsoft VS Code\bin
USERNAME=User
OS=Windows_NT
PROCESSOR_IDENTIFIER=Intel64 Family 6 Model 92 Stepping 9, GenuineIntel



---------------  S Y S T E M  ---------------

OS:
 Windows 10 , 64 bit Build 19041 (10.0.19041.3636)
OS uptime: 2 days 7:17 hours

CPU: total 4 (initial active 4) (4 cores per cpu, 1 threads per core) family 6 model 92 stepping 9 microcode 0x32, cx8, cmov, fxsr, mmx, 3dnowpref, sse, sse2, sse3, ssse3, sse4.1, sse4.2, popcnt, tsc, tscinvbit, aes, erms, clmul, sha, clflush, clflushopt

Memory: 4k page, system-wide physical 3927M (120M free)
TotalPageFile size 10330M (AvailPageFile size 1M)
current process WorkingSet (physical memory assigned to process): 72M, peak: 72M
current process commit charge ("private bytes"): 145M, peak: 145M

vm_info: Java HotSpot(TM) 64-Bit Server VM (17.0.10+11-LTS-240) for windows-amd64 JRE (17.0.10+11-LTS-240), built on Dec 19 2023 21:47:25 by "mach5one" with MS VC++ 17.1 (VS2022)

END.
