#
# There is insufficient memory for the Java Runtime Environment to continue.
# Native memory allocation (mmap) failed to map 65536 bytes for Failed to commit metaspace.
# Possible reasons:
#   The system is out of physical RAM or swap space
#   The process is running with CompressedOops enabled, and the Java Heap may be blocking the growth of the native heap
# Possible solutions:
#   Reduce memory load on the system
#   Increase physical memory or swap space
#   Check if swap backing store is full
#   Decrease Java heap size (-Xmx/-Xms)
#   Decrease number of Java threads
#   Decrease Java thread stack sizes (-Xss)
#   Set larger code cache with -XX:ReservedCodeCacheSize=
#   JVM is running with Unscaled Compressed Oops mode in which the Java heap is
#     placed in the first 4GB address space. The Java Heap base address is the
#     maximum limit for the native heap growth. Please use -XX:HeapBaseMinAddress
#     to set the Java Heap base and to place the Java Heap above 4GB virtual address.
# This output file may be truncated or incomplete.
#
#  Out of Memory Error (virtualSpaceNode.cpp:110), pid=15200, tid=10028
#
# JRE version: Java(TM) SE Runtime Environment (17.0.10+11) (build 17.0.10+11-LTS-240)
# Java VM: Java HotSpot(TM) 64-Bit Server VM (17.0.10+11-LTS-240, mixed mode, emulated-client, sharing, tiered, compressed oops, compressed class ptrs, g1 gc, windows-amd64)
# No core dump will be written. Minidumps are not enabled by default on client versions of Windows
#

---------------  S U M M A R Y ------------

Command Line: -XX:TieredStopAtLevel=1 -Dspring.output.ansi.enabled=always -Dcom.sun.management.jmxremote -Dspring.jmx.enabled=true -Dspring.liveBeansView.mbeanDomain -Dspring.application.admin.enabled=true -Dmanagement.endpoints.jmx.exposure.include=* -javaagent:C:\Program Files\JetBrains\IntelliJ IDEA 2023.1.3\lib\idea_rt.jar=64019:C:\Program Files\JetBrains\IntelliJ IDEA 2023.1.3\bin -Dfile.encoding=UTF-8 com.labokin.microserviceproduit.MicroserviceproduitApplication

Host: Intel(R) Celeron(R) CPU N3450 @ 1.10GHz, 4 cores, 3G,  Windows 10 , 64 bit Build 19041 (10.0.19041.3636)
Time: Sat Jun  8 21:52:43 2024 Paris, Madrid elapsed time: 5.858993 seconds (0d 0h 0m 5s)

---------------  T H R E A D  ---------------

Current thread (0x000001eda9532e00):  JavaThread "main" [_thread_in_vm, id=10028, stack(0x0000006567c00000,0x0000006567d00000)]

Stack: [0x0000006567c00000,0x0000006567d00000]
Native frames: (J=compiled Java code, j=interpreted, Vv=VM code, C=native code)
V  [jvm.dll+0x677a5a]
V  [jvm.dll+0x7d8b2d]
V  [jvm.dll+0x7da48e]
V  [jvm.dll+0x7daaf3]
V  [jvm.dll+0x2455ff]
V  [jvm.dll+0x7d483b]
V  [jvm.dll+0x61dc06]
V  [jvm.dll+0x1bfa87]
V  [jvm.dll+0x620570]
V  [jvm.dll+0x61e5c6]
V  [jvm.dll+0x239c1f]
V  [jvm.dll+0x628365]
V  [jvm.dll+0x1e92ed]
V  [jvm.dll+0x1e98b5]
V  [jvm.dll+0x1ea1fb]
V  [jvm.dll+0x1dfa01]
V  [jvm.dll+0x53d58c]
V  [jvm.dll+0x753438]
V  [jvm.dll+0x753524]
V  [jvm.dll+0x40babf]
V  [jvm.dll+0x411a89]
C  [java.dll+0x17ec]

Java frames: (J=compiled Java code, j=interpreted, Vv=VM code)
J 1176  java.lang.ClassLoader.defineClass1(Ljava/lang/ClassLoader;Ljava/lang/String;[BIILjava/security/ProtectionDomain;Ljava/lang/String;)Ljava/lang/Class; java.base@17.0.10 (0 bytes) @ 0x000001edb107b963 [0x000001edb107b8a0+0x00000000000000c3]
J 1191 c1 java.lang.ClassLoader.defineClass(Ljava/lang/String;[BIILjava/security/ProtectionDomain;)Ljava/lang/Class; java.base@17.0.10 (43 bytes) @ 0x000001edb108345c [0x000001edb1083360+0x00000000000000fc]
J 1102 c1 jdk.internal.loader.BuiltinClassLoader.defineClass(Ljava/lang/String;Ljdk/internal/loader/Resource;)Ljava/lang/Class; java.base@17.0.10 (121 bytes) @ 0x000001edb105e164 [0x000001edb105dca0+0x00000000000004c4]
J 1095 c1 jdk.internal.loader.BuiltinClassLoader.findClassOnClassPathOrNull(Ljava/lang/String;)Ljava/lang/Class; java.base@17.0.10 (64 bytes) @ 0x000001edb105b4b4 [0x000001edb105b200+0x00000000000002b4]
J 903 c1 jdk.internal.loader.BuiltinClassLoader.loadClassOrNull(Ljava/lang/String;Z)Ljava/lang/Class; java.base@17.0.10 (143 bytes) @ 0x000001edb10035dc [0x000001edb1003180+0x000000000000045c]
J 1005 c1 jdk.internal.loader.ClassLoaders$AppClassLoader.loadClass(Ljava/lang/String;Z)Ljava/lang/Class; java.base@17.0.10 (40 bytes) @ 0x000001edb1034d24 [0x000001edb1034be0+0x0000000000000144]
J 1000 c1 java.lang.ClassLoader.loadClass(Ljava/lang/String;)Ljava/lang/Class; java.base@17.0.10 (7 bytes) @ 0x000001edb10339e4 [0x000001edb10339a0+0x0000000000000044]
v  ~StubRoutines::call_stub
j  org.springframework.boot.context.config.StandardConfigDataLoader.load(Lorg/springframework/boot/context/config/ConfigDataLoaderContext;Lorg/springframework/boot/context/config/StandardConfigDataResource;)Lorg/springframework/boot/context/config/ConfigData;+7
j  org.springframework.boot.context.config.StandardConfigDataLoader.load(Lorg/springframework/boot/context/config/ConfigDataLoaderContext;Lorg/springframework/boot/context/config/ConfigDataResource;)Lorg/springframework/boot/context/config/ConfigData;+6
j  org.springframework.boot.context.config.ConfigDataLoaders.load(Lorg/springframework/boot/context/config/ConfigDataLoaderContext;Lorg/springframework/boot/context/config/ConfigDataResource;)Lorg/springframework/boot/context/config/ConfigData;+29
j  org.springframework.boot.context.config.ConfigDataImporter.load(Lorg/springframework/boot/context/config/ConfigDataLoaderContext;Ljava/util/List;)Ljava/util/Map;+142
j  org.springframework.boot.context.config.ConfigDataImporter.resolveAndLoad(Lorg/springframework/boot/context/config/ConfigDataActivationContext;Lorg/springframework/boot/context/config/ConfigDataLocationResolverContext;Lorg/springframework/boot/context/config/ConfigDataLoaderContext;Ljava/util/List;)Ljava/util/Map;+29
j  org.springframework.boot.context.config.ConfigDataEnvironmentContributors.withProcessedImports(Lorg/springframework/boot/context/config/ConfigDataImporter;Lorg/springframework/boot/context/config/ConfigDataActivationContext;)Lorg/springframework/boot/context/config/ConfigDataEnvironmentContributors;+181
j  org.springframework.boot.context.config.ConfigDataEnvironment.processInitial(Lorg/springframework/boot/context/config/ConfigDataEnvironmentContributors;Lorg/springframework/boot/context/config/ConfigDataImporter;)Lorg/springframework/boot/context/config/ConfigDataEnvironmentContributors;+15
j  org.springframework.boot.context.config.ConfigDataEnvironment.processAndApply()V+42
j  org.springframework.boot.context.config.ConfigDataEnvironmentPostProcessor.postProcessEnvironment(Lorg/springframework/core/env/ConfigurableEnvironment;Lorg/springframework/core/io/ResourceLoader;Ljava/util/Collection;)V+34
j  org.springframework.boot.context.config.ConfigDataEnvironmentPostProcessor.postProcessEnvironment(Lorg/springframework/core/env/ConfigurableEnvironment;Lorg/springframework/boot/SpringApplication;)V+10
j  org.springframework.boot.env.EnvironmentPostProcessorApplicationListener.onApplicationEnvironmentPreparedEvent(Lorg/springframework/boot/context/event/ApplicationEnvironmentPreparedEvent;)V+55
j  org.springframework.boot.env.EnvironmentPostProcessorApplicationListener.onApplicationEvent(Lorg/springframework/context/ApplicationEvent;)V+14
j  org.springframework.context.event.SimpleApplicationEventMulticaster.doInvokeListener(Lorg/springframework/context/ApplicationListener;Lorg/springframework/context/ApplicationEvent;)V+2
j  org.springframework.context.event.SimpleApplicationEventMulticaster.invokeListener(Lorg/springframework/context/ApplicationListener;Lorg/springframework/context/ApplicationEvent;)V+34
j  org.springframework.context.event.SimpleApplicationEventMulticaster.multicastEvent(Lorg/springframework/context/ApplicationEvent;Lorg/springframework/core/ResolvableType;)V+104
j  org.springframework.context.event.SimpleApplicationEventMulticaster.multicastEvent(Lorg/springframework/context/ApplicationEvent;)V+3
j  org.springframework.boot.context.event.EventPublishingRunListener.multicastInitialEvent(Lorg/springframework/context/ApplicationEvent;)V+9
j  org.springframework.boot.context.event.EventPublishingRunListener.environmentPrepared(Lorg/springframework/boot/ConfigurableBootstrapContext;Lorg/springframework/core/env/ConfigurableEnvironment;)V+18
j  org.springframework.boot.SpringApplicationRunListeners.lambda$environmentPrepared$2(Lorg/springframework/boot/ConfigurableBootstrapContext;Lorg/springframework/core/env/ConfigurableEnvironment;Lorg/springframework/boot/SpringApplicationRunListener;)V+3
j  org.springframework.boot.SpringApplicationRunListeners$$Lambda$164+0x000001edba123e00.accept(Ljava/lang/Object;)V+12
j  java.lang.Iterable.forEach(Ljava/util/function/Consumer;)V+30 java.base@17.0.10
j  org.springframework.boot.SpringApplicationRunListeners.doWithListeners(Ljava/lang/String;Ljava/util/function/Consumer;Ljava/util/function/Consumer;)V+17
j  org.springframework.boot.SpringApplicationRunListeners.doWithListeners(Ljava/lang/String;Ljava/util/function/Consumer;)V+4
j  org.springframework.boot.SpringApplicationRunListeners.environmentPrepared(Lorg/springframework/boot/ConfigurableBootstrapContext;Lorg/springframework/core/env/ConfigurableEnvironment;)V+10
j  org.springframework.boot.SpringApplication.prepareEnvironment(Lorg/springframework/boot/SpringApplicationRunListeners;Lorg/springframework/boot/DefaultBootstrapContext;Lorg/springframework/boot/ApplicationArguments;)Lorg/springframework/core/env/ConfigurableEnvironment;+27
j  org.springframework.boot.SpringApplication.run([Ljava/lang/String;)Lorg/springframework/context/ConfigurableApplicationContext;+62
j  org.springframework.boot.SpringApplication.run([Ljava/lang/Class;[Ljava/lang/String;)Lorg/springframework/context/ConfigurableApplicationContext;+9
j  org.springframework.boot.SpringApplication.run(Ljava/lang/Class;[Ljava/lang/String;)Lorg/springframework/context/ConfigurableApplicationContext;+9
j  com.labokin.microserviceproduit.MicroserviceproduitApplication.main([Ljava/lang/String;)V+3
v  ~StubRoutines::call_stub

---------------  P R O C E S S  ---------------

Threads class SMR info:
_java_thread_list=0x000001edfe105240, length=13, elements={
0x000001eda9532e00, 0x000001edb84bfa30, 0x000001edb84c07c0, 0x000001edb84ce520,
0x000001edb84d0000, 0x000001edb84d29e0, 0x000001edb84d32b0, 0x000001edb84d3c30,
0x000001edb84d8560, 0x000001edb86f0830, 0x000001edb8a859f0, 0x000001edb8a85ed0,
0x000001edfe113850
}

Java Threads: ( => current thread )
=>0x000001eda9532e00 JavaThread "main" [_thread_in_vm, id=10028, stack(0x0000006567c00000,0x0000006567d00000)]
  0x000001edb84bfa30 JavaThread "Reference Handler" daemon [_thread_blocked, id=4308, stack(0x0000006568300000,0x0000006568400000)]
  0x000001edb84c07c0 JavaThread "Finalizer" daemon [_thread_blocked, id=5000, stack(0x0000006568400000,0x0000006568500000)]
  0x000001edb84ce520 JavaThread "Signal Dispatcher" daemon [_thread_blocked, id=1224, stack(0x0000006568500000,0x0000006568600000)]
  0x000001edb84d0000 JavaThread "Attach Listener" daemon [_thread_blocked, id=9420, stack(0x0000006568600000,0x0000006568700000)]
  0x000001edb84d29e0 JavaThread "Service Thread" daemon [_thread_blocked, id=12748, stack(0x0000006568700000,0x0000006568800000)]
  0x000001edb84d32b0 JavaThread "Monitor Deflation Thread" daemon [_thread_blocked, id=14128, stack(0x0000006568800000,0x0000006568900000)]
  0x000001edb84d3c30 JavaThread "C1 CompilerThread0" daemon [_thread_blocked, id=11548, stack(0x0000006568900000,0x0000006568a00000)]
  0x000001edb84d8560 JavaThread "Sweeper thread" daemon [_thread_blocked, id=17132, stack(0x0000006568a00000,0x0000006568b00000)]
  0x000001edb86f0830 JavaThread "Common-Cleaner" daemon [_thread_blocked, id=16392, stack(0x0000006568b00000,0x0000006568c00000)]
  0x000001edb8a859f0 JavaThread "Monitor Ctrl-Break" daemon [_thread_in_native, id=11248, stack(0x0000006568c00000,0x0000006568d00000)]
  0x000001edb8a85ed0 JavaThread "Notification Thread" daemon [_thread_blocked, id=8212, stack(0x0000006568d00000,0x0000006568e00000)]
  0x000001edfe113850 JavaThread "RMI TCP Accept-0" daemon [_thread_in_native, id=3988, stack(0x0000006568e00000,0x0000006568f00000)]

Other Threads:
  0x000001edb84b7ad0 VMThread "VM Thread" [stack: 0x0000006568200000,0x0000006568300000] [id=16240]
  0x000001edfe12c710 WatcherThread [stack: 0x0000006568f00000,0x0000006569000000] [id=5680]
  0x000001eda956e2d0 GCTaskThread "GC Thread#0" [stack: 0x0000006567d00000,0x0000006567e00000] [id=400]
  0x000001edfe12a440 GCTaskThread "GC Thread#1" [stack: 0x0000006569000000,0x0000006569100000] [id=7680]
  0x000001edfe14d440 GCTaskThread "GC Thread#2" [stack: 0x0000006569100000,0x0000006569200000] [id=16788]
  0x000001edfe163490 GCTaskThread "GC Thread#3" [stack: 0x0000006569200000,0x0000006569300000] [id=17512]
  0x000001eda9576bf0 ConcurrentGCThread "G1 Main Marker" [stack: 0x0000006567e00000,0x0000006567f00000] [id=13308]
  0x000001eda9577510 ConcurrentGCThread "G1 Conc#0" [stack: 0x0000006567f00000,0x0000006568000000] [id=11448]
  0x000001eda95b5a90 ConcurrentGCThread "G1 Refine#0" [stack: 0x0000006568000000,0x0000006568100000] [id=17852]
  0x000001edfe1bbe00 ConcurrentGCThread "G1 Refine#1" [stack: 0x0000006569300000,0x0000006569400000] [id=8624]
  0x000001eda95b63d0 ConcurrentGCThread "G1 Service" [stack: 0x0000006568100000,0x0000006568200000] [id=18284]

Threads with active compile tasks:

VM state: not at safepoint (normal execution)

VM Mutex/Monitor currently owned by a thread:  ([mutex/lock_event])
[0x000001eda751cad0] Metaspace_lock - owner thread: 0x000001eda9532e00

Heap address: 0x00000000c2a00000, size: 982 MB, Compressed Oops mode: 32-bit

CDS archive(s) mapped at: [0x000001edb9000000-0x000001edb9bd0000-0x000001edb9bd0000), size 12386304, SharedBaseAddress: 0x000001edb9000000, ArchiveRelocationMode: 1.
Compressed class space mapped at: 0x000001edba000000-0x000001edfa000000, reserved size: 1073741824
Narrow klass base: 0x000001edb9000000, Narrow klass shift: 0, Narrow klass range: 0x100000000

GC Precious Log:
 CPUs: 4 total, 4 available
 Memory: 3927M
 Large Page Support: Disabled
 NUMA Support: Disabled
 Compressed Oops: Enabled (32-bit)
 Heap Region Size: 1M
 Heap Min Capacity: 8M
 Heap Initial Capacity: 62M
 Heap Max Capacity: 982M
 Pre-touch: Disabled
 Parallel Workers: 4
 Concurrent Workers: 1
 Concurrent Refinement Workers: 4
 Periodic GC: Disabled

Heap:
 garbage-first heap   total 63488K, used 14492K [0x00000000c2a00000, 0x0000000100000000)
  region size 1024K, 9 young (9216K), 1 survivors (1024K)
 Metaspace       used 9099K, committed 9280K, reserved 1114112K
  class space    used 1203K, committed 1280K, reserved 1048576K

Heap Regions: E=young(eden), S=young(survivor), O=old, HS=humongous(starts), HC=humongous(continues), CS=collection set, F=free, OA=open archive, CA=closed archive, TAMS=top-at-mark-start (previous, next)
|   0|0x00000000c2a00000, 0x00000000c2b00000, 0x00000000c2b00000|100%|HS|  |TAMS 0x00000000c2a00000, 0x00000000c2a00000| Complete 
|   1|0x00000000c2b00000, 0x00000000c2c00000, 0x00000000c2c00000|100%| O|  |TAMS 0x00000000c2b00000, 0x00000000c2b00000| Untracked 
|   2|0x00000000c2c00000, 0x00000000c2d00000, 0x00000000c2d00000|100%| O|  |TAMS 0x00000000c2c00000, 0x00000000c2c00000| Untracked 
|   3|0x00000000c2d00000, 0x00000000c2e00000, 0x00000000c2e00000|100%| O|  |TAMS 0x00000000c2d00000, 0x00000000c2d00000| Untracked 
|   4|0x00000000c2e00000, 0x00000000c2f00000, 0x00000000c2f00000|100%| O|  |TAMS 0x00000000c2e00000, 0x00000000c2e00000| Untracked 
|   5|0x00000000c2f00000, 0x00000000c3000000, 0x00000000c3000000|100%| O|  |TAMS 0x00000000c2f00000, 0x00000000c2f00000| Untracked 
|   6|0x00000000c3000000, 0x00000000c30a4600, 0x00000000c3100000| 64%| O|  |TAMS 0x00000000c3000000, 0x00000000c3000000| Untracked 
|   7|0x00000000c3100000, 0x00000000c3100000, 0x00000000c3200000|  0%| F|  |TAMS 0x00000000c3100000, 0x00000000c3100000| Untracked 
|   8|0x00000000c3200000, 0x00000000c3200000, 0x00000000c3300000|  0%| F|  |TAMS 0x00000000c3200000, 0x00000000c3200000| Untracked 
|   9|0x00000000c3300000, 0x00000000c3300000, 0x00000000c3400000|  0%| F|  |TAMS 0x00000000c3300000, 0x00000000c3300000| Untracked 
|  10|0x00000000c3400000, 0x00000000c3400000, 0x00000000c3500000|  0%| F|  |TAMS 0x00000000c3400000, 0x00000000c3400000| Untracked 
|  11|0x00000000c3500000, 0x00000000c3500000, 0x00000000c3600000|  0%| F|  |TAMS 0x00000000c3500000, 0x00000000c3500000| Untracked 
|  12|0x00000000c3600000, 0x00000000c3600000, 0x00000000c3700000|  0%| F|  |TAMS 0x00000000c3600000, 0x00000000c3600000| Untracked 
|  13|0x00000000c3700000, 0x00000000c3700000, 0x00000000c3800000|  0%| F|  |TAMS 0x00000000c3700000, 0x00000000c3700000| Untracked 
|  14|0x00000000c3800000, 0x00000000c3800000, 0x00000000c3900000|  0%| F|  |TAMS 0x00000000c3800000, 0x00000000c3800000| Untracked 
|  15|0x00000000c3900000, 0x00000000c3900000, 0x00000000c3a00000|  0%| F|  |TAMS 0x00000000c3900000, 0x00000000c3900000| Untracked 
|  16|0x00000000c3a00000, 0x00000000c3a00000, 0x00000000c3b00000|  0%| F|  |TAMS 0x00000000c3a00000, 0x00000000c3a00000| Untracked 
|  17|0x00000000c3b00000, 0x00000000c3b00000, 0x00000000c3c00000|  0%| F|  |TAMS 0x00000000c3b00000, 0x00000000c3b00000| Untracked 
|  18|0x00000000c3c00000, 0x00000000c3c00000, 0x00000000c3d00000|  0%| F|  |TAMS 0x00000000c3c00000, 0x00000000c3c00000| Untracked 
|  19|0x00000000c3d00000, 0x00000000c3d00000, 0x00000000c3e00000|  0%| F|  |TAMS 0x00000000c3d00000, 0x00000000c3d00000| Untracked 
|  20|0x00000000c3e00000, 0x00000000c3e00000, 0x00000000c3f00000|  0%| F|  |TAMS 0x00000000c3e00000, 0x00000000c3e00000| Untracked 
|  21|0x00000000c3f00000, 0x00000000c3f00000, 0x00000000c4000000|  0%| F|  |TAMS 0x00000000c3f00000, 0x00000000c3f00000| Untracked 
|  22|0x00000000c4000000, 0x00000000c4000000, 0x00000000c4100000|  0%| F|  |TAMS 0x00000000c4000000, 0x00000000c4000000| Untracked 
|  23|0x00000000c4100000, 0x00000000c4100000, 0x00000000c4200000|  0%| F|  |TAMS 0x00000000c4100000, 0x00000000c4100000| Untracked 
|  24|0x00000000c4200000, 0x00000000c4200000, 0x00000000c4300000|  0%| F|  |TAMS 0x00000000c4200000, 0x00000000c4200000| Untracked 
|  25|0x00000000c4300000, 0x00000000c4300000, 0x00000000c4400000|  0%| F|  |TAMS 0x00000000c4300000, 0x00000000c4300000| Untracked 
|  26|0x00000000c4400000, 0x00000000c4400000, 0x00000000c4500000|  0%| F|  |TAMS 0x00000000c4400000, 0x00000000c4400000| Untracked 
|  27|0x00000000c4500000, 0x00000000c4500000, 0x00000000c4600000|  0%| F|  |TAMS 0x00000000c4500000, 0x00000000c4500000| Untracked 
|  28|0x00000000c4600000, 0x00000000c4600000, 0x00000000c4700000|  0%| F|  |TAMS 0x00000000c4600000, 0x00000000c4600000| Untracked 
|  29|0x00000000c4700000, 0x00000000c4700000, 0x00000000c4800000|  0%| F|  |TAMS 0x00000000c4700000, 0x00000000c4700000| Untracked 
|  30|0x00000000c4800000, 0x00000000c4800000, 0x00000000c4900000|  0%| F|  |TAMS 0x00000000c4800000, 0x00000000c4800000| Untracked 
|  31|0x00000000c4900000, 0x00000000c4900000, 0x00000000c4a00000|  0%| F|  |TAMS 0x00000000c4900000, 0x00000000c4900000| Untracked 
|  32|0x00000000c4a00000, 0x00000000c4a00000, 0x00000000c4b00000|  0%| F|  |TAMS 0x00000000c4a00000, 0x00000000c4a00000| Untracked 
|  33|0x00000000c4b00000, 0x00000000c4b00000, 0x00000000c4c00000|  0%| F|  |TAMS 0x00000000c4b00000, 0x00000000c4b00000| Untracked 
|  34|0x00000000c4c00000, 0x00000000c4c00000, 0x00000000c4d00000|  0%| F|  |TAMS 0x00000000c4c00000, 0x00000000c4c00000| Untracked 
|  35|0x00000000c4d00000, 0x00000000c4d00000, 0x00000000c4e00000|  0%| F|  |TAMS 0x00000000c4d00000, 0x00000000c4d00000| Untracked 
|  36|0x00000000c4e00000, 0x00000000c4e00000, 0x00000000c4f00000|  0%| F|  |TAMS 0x00000000c4e00000, 0x00000000c4e00000| Untracked 
|  37|0x00000000c4f00000, 0x00000000c4f00000, 0x00000000c5000000|  0%| F|  |TAMS 0x00000000c4f00000, 0x00000000c4f00000| Untracked 
|  38|0x00000000c5000000, 0x00000000c5000000, 0x00000000c5100000|  0%| F|  |TAMS 0x00000000c5000000, 0x00000000c5000000| Untracked 
|  39|0x00000000c5100000, 0x00000000c5100000, 0x00000000c5200000|  0%| F|  |TAMS 0x00000000c5100000, 0x00000000c5100000| Untracked 
|  40|0x00000000c5200000, 0x00000000c5200000, 0x00000000c5300000|  0%| F|  |TAMS 0x00000000c5200000, 0x00000000c5200000| Untracked 
|  41|0x00000000c5300000, 0x00000000c5300000, 0x00000000c5400000|  0%| F|  |TAMS 0x00000000c5300000, 0x00000000c5300000| Untracked 
|  42|0x00000000c5400000, 0x00000000c5400000, 0x00000000c5500000|  0%| F|  |TAMS 0x00000000c5400000, 0x00000000c5400000| Untracked 
|  43|0x00000000c5500000, 0x00000000c5500000, 0x00000000c5600000|  0%| F|  |TAMS 0x00000000c5500000, 0x00000000c5500000| Untracked 
|  44|0x00000000c5600000, 0x00000000c5600000, 0x00000000c5700000|  0%| F|  |TAMS 0x00000000c5600000, 0x00000000c5600000| Untracked 
|  45|0x00000000c5700000, 0x00000000c5700000, 0x00000000c5800000|  0%| F|  |TAMS 0x00000000c5700000, 0x00000000c5700000| Untracked 
|  46|0x00000000c5800000, 0x00000000c5800000, 0x00000000c5900000|  0%| F|  |TAMS 0x00000000c5800000, 0x00000000c5800000| Untracked 
|  47|0x00000000c5900000, 0x00000000c5900000, 0x00000000c5a00000|  0%| F|  |TAMS 0x00000000c5900000, 0x00000000c5900000| Untracked 
|  48|0x00000000c5a00000, 0x00000000c5a00000, 0x00000000c5b00000|  0%| F|  |TAMS 0x00000000c5a00000, 0x00000000c5a00000| Untracked 
|  49|0x00000000c5b00000, 0x00000000c5b00000, 0x00000000c5c00000|  0%| F|  |TAMS 0x00000000c5b00000, 0x00000000c5b00000| Untracked 
|  50|0x00000000c5c00000, 0x00000000c5c00000, 0x00000000c5d00000|  0%| F|  |TAMS 0x00000000c5c00000, 0x00000000c5c00000| Untracked 
|  51|0x00000000c5d00000, 0x00000000c5d00000, 0x00000000c5e00000|  0%| F|  |TAMS 0x00000000c5d00000, 0x00000000c5d00000| Untracked 
|  52|0x00000000c5e00000, 0x00000000c5e00000, 0x00000000c5f00000|  0%| F|  |TAMS 0x00000000c5e00000, 0x00000000c5e00000| Untracked 
|  53|0x00000000c5f00000, 0x00000000c6000000, 0x00000000c6000000|100%| E|  |TAMS 0x00000000c5f00000, 0x00000000c5f00000| Complete 
|  54|0x00000000c6000000, 0x00000000c6082b68, 0x00000000c6100000| 51%| S|CS|TAMS 0x00000000c6000000, 0x00000000c6000000| Complete 
|  55|0x00000000c6100000, 0x00000000c6200000, 0x00000000c6200000|100%| E|CS|TAMS 0x00000000c6100000, 0x00000000c6100000| Complete 
|  56|0x00000000c6200000, 0x00000000c6300000, 0x00000000c6300000|100%| E|CS|TAMS 0x00000000c6200000, 0x00000000c6200000| Complete 
|  57|0x00000000c6300000, 0x00000000c6400000, 0x00000000c6400000|100%| E|CS|TAMS 0x00000000c6300000, 0x00000000c6300000| Complete 
|  58|0x00000000c6400000, 0x00000000c6500000, 0x00000000c6500000|100%| E|CS|TAMS 0x00000000c6400000, 0x00000000c6400000| Complete 
|  59|0x00000000c6500000, 0x00000000c6600000, 0x00000000c6600000|100%| E|CS|TAMS 0x00000000c6500000, 0x00000000c6500000| Complete 
|  60|0x00000000c6600000, 0x00000000c6700000, 0x00000000c6700000|100%| E|CS|TAMS 0x00000000c6600000, 0x00000000c6600000| Complete 
|  61|0x00000000c6700000, 0x00000000c6800000, 0x00000000c6800000|100%| E|CS|TAMS 0x00000000c6700000, 0x00000000c6700000| Complete 

Card table byte_map: [0x000001edb3dc0000,0x000001edb3fb0000] _byte_map_base: 0x000001edb37ab000

Marking Bits (Prev, Next): (CMBitMap*) 0x000001eda956e800, (CMBitMap*) 0x000001eda956e840
 Prev Bits: [0x000001edb41a0000, 0x000001edb50f8000)
 Next Bits: [0x000001edb5100000, 0x000001edb6058000)

Polling page: 0x000001eda73d0000

Metaspace:

Usage:
  Non-class:      7.71 MB used.
      Class:      1.18 MB used.
       Both:      8.89 MB used.

Virtual space:
  Non-class space:       64.00 MB reserved,       7.81 MB ( 12%) committed,  1 nodes.
      Class space:        1.00 GB reserved,       1.25 MB ( <1%) committed,  1 nodes.
             Both:        1.06 GB reserved,       9.06 MB ( <1%) committed. 

Chunk freelists:
   Non-Class:  7.92 MB
       Class:  14.70 MB
        Both:  22.62 MB

MaxMetaspaceSize: unlimited
CompressedClassSpaceSize: 1.00 GB
Initial GC threshold: 21.00 MB
Current GC threshold: 21.00 MB
CDS: on
MetaspaceReclaimPolicy: balanced
 - commit_granule_bytes: 65536.
 - commit_granule_words: 8192.
 - virtual_space_node_default_size: 8388608.
 - enlarge_chunks_in_place: 1.
 - new_chunks_are_fully_committed: 0.
 - uncommit_free_chunks: 1.
 - use_allocation_guard: 0.
 - handle_deallocations: 1.


Internal statistics:

num_allocs_failed_limit: 0.
num_arena_births: 176.
num_arena_deaths: 0.
num_vsnodes_births: 2.
num_vsnodes_deaths: 0.
num_space_committed: 145.
num_space_uncommitted: 0.
num_chunks_returned_to_freelist: 0.
num_chunks_taken_from_freelist: 371.
num_chunk_merges: 0.
num_chunk_splits: 238.
num_chunks_enlarged: 163.
num_inconsistent_stats: 0.

CodeCache: size=49152Kb used=3208Kb max_used=3208Kb free=45943Kb
 bounds [0x000001edb0dc0000, 0x000001edb10f0000, 0x000001edb3dc0000]
 total_blobs=1884 nmethods=1436 adapters=376
 compilation: enabled
              stopped_count=0, restarted_count=0
 full_count=0

Compilation events (20 events):
Event: 5.820 Thread 0x000001edb84d3c30 1427       1       java.util.Arrays::copyOf (10 bytes)
Event: 5.821 Thread 0x000001edb84d3c30 nmethod 1427 0x000001edb10de890 code [0x000001edb10dea20, 0x000001edb10deb08]
Event: 5.829 Thread 0x000001edb84d3c30 1428       1       org.springframework.util.StringUtils::deleteAny (90 bytes)
Event: 5.832 Thread 0x000001edb84d3c30 nmethod 1428 0x000001edb10deb90 code [0x000001edb10deda0, 0x000001edb10df3b8]
Event: 5.832 Thread 0x000001edb84d3c30 1430       1       java.lang.Character::getType (9 bytes)
Event: 5.832 Thread 0x000001edb84d3c30 nmethod 1430 0x000001edb10df810 code [0x000001edb10df9c0, 0x000001edb10dfab8]
Event: 5.832 Thread 0x000001edb84d3c30 1431       1       java.lang.CharacterDataLatin1::getType (11 bytes)
Event: 5.833 Thread 0x000001edb84d3c30 nmethod 1431 0x000001edb10dfb90 code [0x000001edb10dfd20, 0x000001edb10dfe18]
Event: 5.833 Thread 0x000001edb84d3c30 1432       1       java.util.ArrayDeque$DeqIterator::hasNext (13 bytes)
Event: 5.833 Thread 0x000001edb84d3c30 nmethod 1432 0x000001edb10dff10 code [0x000001edb10e00a0, 0x000001edb10e0178]
Event: 5.833 Thread 0x000001edb84d3c30 1429       1       java.util.ArrayDeque::dec (13 bytes)
Event: 5.834 Thread 0x000001edb84d3c30 nmethod 1429 0x000001edb10e0210 code [0x000001edb10e03a0, 0x000001edb10e0458]
Event: 5.834 Thread 0x000001edb84d3c30 1433       1       java.lang.invoke.MethodHandles$Lookup::findBoundCallerLookup (30 bytes)
Event: 5.835 Thread 0x000001edb84d3c30 nmethod 1433 0x000001edb10e0510 code [0x000001edb10e06c0, 0x000001edb10e0938]
Event: 5.835 Thread 0x000001edb84d3c30 1434       1       java.lang.invoke.MethodHandles$Lookup::getDirectMethodCommon (280 bytes)
Event: 5.837 Thread 0x000001edb84d3c30 nmethod 1434 0x000001edb10e0a90 code [0x000001edb10e0d00, 0x000001edb10e1418]
Event: 5.837 Thread 0x000001edb84d3c30 1435       1       java.lang.invoke.MethodHandles$Lookup::maybeBindCaller (72 bytes)
Event: 5.838 Thread 0x000001edb84d3c30 nmethod 1435 0x000001edb10e1890 code [0x000001edb10e1a60, 0x000001edb10e1d48]
Event: 5.839 Thread 0x000001edb84d3c30 1436       1       java.lang.reflect.Constructor::newInstance (34 bytes)
Event: 5.839 Thread 0x000001edb84d3c30 nmethod 1436 0x000001edb10e1e90 code [0x000001edb10e2040, 0x000001edb10e2178]

GC Heap History (4 events):
Event: 3.578 GC heap before
{Heap before GC invocations=0 (full 0):
 garbage-first heap   total 63488K, used 13312K [0x00000000c2a00000, 0x0000000100000000)
  region size 1024K, 13 young (13312K), 0 survivors (0K)
 Metaspace       used 5577K, committed 5824K, reserved 1114112K
  class space    used 659K, committed 768K, reserved 1048576K
}
Event: 3.598 GC heap after
{Heap after GC invocations=1 (full 0):
 garbage-first heap   total 63488K, used 6674K [0x00000000c2a00000, 0x0000000100000000)
  region size 1024K, 2 young (2048K), 2 survivors (2048K)
 Metaspace       used 5577K, committed 5824K, reserved 1114112K
  class space    used 659K, committed 768K, reserved 1048576K
}
Event: 4.615 GC heap before
{Heap before GC invocations=1 (full 0):
 garbage-first heap   total 63488K, used 13842K [0x00000000c2a00000, 0x0000000100000000)
  region size 1024K, 9 young (9216K), 2 survivors (2048K)
 Metaspace       used 7252K, committed 7488K, reserved 1114112K
  class space    used 913K, committed 1024K, reserved 1048576K
}
Event: 4.626 GC heap after
{Heap after GC invocations=2 (full 0):
 garbage-first heap   total 63488K, used 7324K [0x00000000c2a00000, 0x0000000100000000)
  region size 1024K, 1 young (1024K), 1 survivors (1024K)
 Metaspace       used 7252K, committed 7488K, reserved 1114112K
  class space    used 913K, committed 1024K, reserved 1048576K
}

Deoptimization events (0 events):
No events

Classes unloaded (0 events):
No events

Classes redefined (0 events):
No events

Internal exceptions (20 events):
Event: 3.600 Thread 0x000001eda9532e00 Exception <a 'java/lang/NoSuchMethodError'{0x00000000c67023c0}: 'java.lang.Object java.lang.invoke.Invokers$Holder.linkToTargetMethod(java.lang.Object, long, java.lang.Object, java.lang.Object)'> (0x00000000c67023c0) 
thrown [s\open\src\hotspot\share\interpreter\linkResolver.cpp, line 759]
Event: 3.819 Thread 0x000001eda9532e00 Exception <a 'java/lang/NoSuchMethodError'{0x00000000c66a4920}: 'void java.lang.invoke.DirectMethodHandle$Holder.invokeStatic(java.lang.Object, java.lang.Object, java.lang.Object, java.lang.Object)'> (0x00000000c66a4920) 
thrown [s\open\src\hotspot\share\interpreter\linkResolver.cpp, line 759]
Event: 3.986 Thread 0x000001eda9532e00 Exception <a 'java/lang/NoSuchMethodError'{0x00000000c65c1788}: 'int java.lang.invoke.DirectMethodHandle$Holder.invokeStaticInit(java.lang.Object, java.lang.Object)'> (0x00000000c65c1788) 
thrown [s\open\src\hotspot\share\interpreter\linkResolver.cpp, line 759]
Event: 4.024 Thread 0x000001eda9532e00 Exception <a 'java/lang/NoSuchMethodError'{0x00000000c6405f40}: 'void java.lang.invoke.DirectMethodHandle$Holder.invokeInterface(java.lang.Object, java.lang.Object, java.lang.Object, java.lang.Object)'> (0x00000000c6405f40) 
thrown [s\open\src\hotspot\share\interpreter\linkResolver.cpp, line 759]
Event: 4.238 Thread 0x000001eda9532e00 Exception <a 'java/lang/NoSuchMethodError'{0x00000000c63ac130}: 'java.lang.Object java.lang.invoke.DirectMethodHandle$Holder.invokeInterface(java.lang.Object, java.lang.Object)'> (0x00000000c63ac130) 
thrown [s\open\src\hotspot\share\interpreter\linkResolver.cpp, line 759]
Event: 4.277 Thread 0x000001eda9532e00 Exception <a 'java/lang/NoSuchMethodError'{0x00000000c63f88d8}: 'java.lang.Object java.lang.invoke.DirectMethodHandle$Holder.invokeSpecialIFC(java.lang.Object, java.lang.Object, java.lang.Object, java.lang.Object)'> (0x00000000c63f88d8) 
thrown [s\open\src\hotspot\share\interpreter\linkResolver.cpp, line 759]
Event: 4.296 Thread 0x000001eda9532e00 Exception <a 'java/lang/NoSuchMethodError'{0x00000000c6216c50}: 'java.lang.Object java.lang.invoke.DirectMethodHandle$Holder.invokeInterface(java.lang.Object, java.lang.Object, java.lang.Object)'> (0x00000000c6216c50) 
thrown [s\open\src\hotspot\share\interpreter\linkResolver.cpp, line 759]
Event: 4.432 Thread 0x000001eda9532e00 Exception <a 'java/lang/NoSuchMethodError'{0x00000000c62db3d0}: 'int java.lang.invoke.DirectMethodHandle$Holder.invokeStaticInit(java.lang.Object, java.lang.Object, java.lang.Object)'> (0x00000000c62db3d0) 
thrown [s\open\src\hotspot\share\interpreter\linkResolver.cpp, line 759]
Event: 4.496 Thread 0x000001eda9532e00 Exception <a 'java/lang/NoSuchMethodError'{0x00000000c613b650}: 'java.lang.Object java.lang.invoke.DirectMethodHandle$Holder.newInvokeSpecial(java.lang.Object, java.lang.Object, java.lang.Object, java.lang.Object, java.lang.Object)'> (0x00000000c613b650) 
thrown [s\open\src\hotspot\share\interpreter\linkResolver.cpp, line 759]
Event: 4.530 Thread 0x000001eda9532e00 Exception <a 'java/lang/NoSuchMethodError'{0x00000000c6190e58}: 'java.lang.Object java.lang.invoke.DirectMethodHandle$Holder.invokeStaticInit(java.lang.Object, java.lang.Object, java.lang.Object)'> (0x00000000c6190e58) 
thrown [s\open\src\hotspot\share\interpreter\linkResolver.cpp, line 759]
Event: 4.630 Thread 0x000001eda9532e00 Exception <a 'java/lang/IncompatibleClassChangeError'{0x00000000c6705a88}: Found class java.lang.Object, but interface was expected> (0x00000000c6705a88) 
thrown [s\open\src\hotspot\share\interpreter\linkResolver.cpp, line 826]
Event: 4.772 Thread 0x000001eda9532e00 Exception <a 'sun/nio/fs/WindowsException'{0x00000000c67aa368}> (0x00000000c67aa368) 
thrown [s\open\src\hotspot\share\prims\jni.cpp, line 516]
Event: 5.610 Thread 0x000001eda9532e00 Exception <a 'java/lang/NoSuchMethodError'{0x00000000c62afb68}: 'java.lang.Object java.lang.invoke.DirectMethodHandle$Holder.newInvokeSpecial(java.lang.Object, java.lang.Object, java.lang.Object, java.lang.Object, java.lang.Object, java.lang.Object, java.lang.Object)'> (0x00000000c62afb68) 
thrown [s\open\src\hotspot\share\interpreter\linkResolver.cpp, line 759]
Event: 5.611 Thread 0x000001eda9532e00 Exception <a 'java/lang/NoSuchMethodError'{0x00000000c62b4478}: 'java.lang.Object java.lang.invoke.Invokers$Holder.linkToTargetMethod(java.lang.Object, java.lang.Object, java.lang.Object, java.lang.Object, java.lang.Object, java.lang.Object, java.lang.Object)'> (0x00000000c62b4478) 
thrown [s\open\src\hotspot\share\interpreter\linkResolver.cpp, line 759]
Event: 5.626 Thread 0x000001eda9532e00 Exception <a 'java/lang/NoSuchMethodError'{0x00000000c62d1f18}: 'void java.lang.invoke.DirectMethodHandle$Holder.invokeStaticInit(java.lang.Object, java.lang.Object)'> (0x00000000c62d1f18) 
thrown [s\open\src\hotspot\share\interpreter\linkResolver.cpp, line 759]
Event: 5.651 Thread 0x000001eda9532e00 Exception <a 'java/lang/NoSuchMethodError'{0x00000000c611aaf8}: 'int java.lang.invoke.DirectMethodHandle$Holder.invokeStatic(java.lang.Object, java.lang.Object, java.lang.Object, java.lang.Object)'> (0x00000000c611aaf8) 
thrown [s\open\src\hotspot\share\interpreter\linkResolver.cpp, line 759]
Event: 5.653 Thread 0x000001eda9532e00 Exception <a 'java/lang/NoSuchMethodError'{0x00000000c611e478}: 'java.lang.Object java.lang.invoke.Invokers$Holder.invokeExact_MT(java.lang.Object, java.lang.Object, java.lang.Object, java.lang.Object, java.lang.Object, java.lang.Object)'> (0x00000000c611e478) 
thrown [s\open\src\hotspot\share\interpreter\linkResolver.cpp, line 759]
Event: 5.698 Thread 0x000001eda9532e00 Exception <a 'java/lang/NoSuchMethodError'{0x00000000c6181a50}: 'java.lang.Object java.lang.invoke.DirectMethodHandle$Holder.invokeSpecial(java.lang.Object, java.lang.Object, java.lang.Object, java.lang.Object, java.lang.Object, java.lang.Object, int)'> (0x00000000c6181a50) 
thrown [s\open\src\hotspot\share\interpreter\linkResolver.cpp, line 759]
Event: 5.700 Thread 0x000001eda9532e00 Exception <a 'java/lang/NoSuchMethodError'{0x00000000c618bfb8}: 'java.lang.Object java.lang.invoke.DirectMethodHandle$Holder.newInvokeSpecial(java.lang.Object, java.lang.Object, java.lang.Object, java.lang.Object, java.lang.Object, java.lang.Object, int)'> (0x00000000c618bfb8) 
thrown [s\open\src\hotspot\share\interpreter\linkResolver.cpp, line 759]
Event: 5.702 Thread 0x000001eda9532e00 Exception <a 'java/lang/NoSuchMethodError'{0x00000000c6190ff8}: 'java.lang.Object java.lang.invoke.DirectMethodHandle$Holder.invokeSpecial(java.lang.Object, java.lang.Object, java.lang.Object, java.lang.Object, java.lang.Object, java.lang.Object, java.lang.Object, int)'> (0x00000000c6190ff8) 
thrown [s\open\src\hotspot\share\interpreter\linkResolver.cpp, line 759]

VM Operations (20 events):
Event: 1.608 Executing VM operation: Cleanup
Event: 1.609 Executing VM operation: Cleanup done
Event: 2.514 Executing VM operation: HandshakeAllThreads
Event: 2.514 Executing VM operation: HandshakeAllThreads done
Event: 3.330 Executing VM operation: HandshakeAllThreads
Event: 3.330 Executing VM operation: HandshakeAllThreads done
Event: 3.330 Executing VM operation: Cleanup
Event: 3.330 Executing VM operation: Cleanup done
Event: 3.350 Executing VM operation: HandshakeAllThreads
Event: 3.350 Executing VM operation: HandshakeAllThreads done
Event: 3.578 Executing VM operation: G1CollectForAllocation
Event: 3.598 Executing VM operation: G1CollectForAllocation done
Event: 4.610 Executing VM operation: Cleanup
Event: 4.610 Executing VM operation: Cleanup done
Event: 4.615 Executing VM operation: G1CollectForAllocation
Event: 4.626 Executing VM operation: G1CollectForAllocation done
Event: 4.785 Executing VM operation: HandshakeAllThreads
Event: 4.785 Executing VM operation: HandshakeAllThreads done
Event: 5.788 Executing VM operation: Cleanup
Event: 5.788 Executing VM operation: Cleanup done

Events (20 events):
Event: 5.423 loading class java/util/stream/MatchOps$MatchOp
Event: 5.425 loading class java/util/stream/MatchOps$MatchOp done
Event: 5.426 loading class java/util/stream/MatchOps$BooleanTerminalSink
Event: 5.426 loading class java/util/stream/MatchOps$BooleanTerminalSink done
Event: 5.428 loading class java/util/stream/MatchOps$2MatchSink
Event: 5.431 loading class java/util/stream/MatchOps$2MatchSink done
Event: 5.550 loading class java/beans/PropertyEditorSupport
Event: 5.553 loading class java/beans/PropertyEditor
Event: 5.553 loading class java/beans/PropertyEditor done
Event: 5.553 loading class java/beans/PropertyEditorSupport done
Event: 5.663 loading class java/util/regex/Pattern$Neg
Event: 5.664 loading class java/util/regex/Pattern$Neg done
Event: 5.688 loading class java/util/stream/StreamSpliterators$WrappingSpliterator
Event: 5.690 loading class java/util/stream/StreamSpliterators$AbstractWrappingSpliterator
Event: 5.691 loading class java/util/stream/StreamSpliterators$AbstractWrappingSpliterator done
Event: 5.691 loading class java/util/stream/StreamSpliterators$WrappingSpliterator done
Event: 5.692 loading class java/util/stream/StreamSpliterators
Event: 5.693 loading class java/util/stream/StreamSpliterators done
Event: 5.693 loading class java/util/function/BooleanSupplier
Event: 5.695 loading class java/util/function/BooleanSupplier done


Dynamic libraries:
0x00007ff713a40000 - 0x00007ff713a50000 	C:\Program Files\Java\jdk-17\bin\java.exe
0x00007ff943770000 - 0x00007ff943968000 	C:\WINDOWS\SYSTEM32\ntdll.dll
0x00007ff9435c0000 - 0x00007ff94367d000 	C:\WINDOWS\System32\KERNEL32.DLL
0x00007ff941060000 - 0x00007ff941356000 	C:\WINDOWS\System32\KERNELBASE.dll
0x00007ff941590000 - 0x00007ff941690000 	C:\WINDOWS\System32\ucrtbase.dll
0x00007ff9150d0000 - 0x00007ff9150e9000 	C:\Program Files\Java\jdk-17\bin\jli.dll
0x00007ff942570000 - 0x00007ff942620000 	C:\WINDOWS\System32\ADVAPI32.dll
0x00007ff942370000 - 0x00007ff94240e000 	C:\WINDOWS\System32\msvcrt.dll
0x00007ff9418a0000 - 0x00007ff941940000 	C:\WINDOWS\System32\sechost.dll
0x00007ff943380000 - 0x00007ff9434a3000 	C:\WINDOWS\System32\RPCRT4.dll
0x00007ff9150b0000 - 0x00007ff9150cb000 	C:\Program Files\Java\jdk-17\bin\VCRUNTIME140.dll
0x00007ff941030000 - 0x00007ff941057000 	C:\WINDOWS\System32\bcrypt.dll
0x00007ff9421d0000 - 0x00007ff94236f000 	C:\WINDOWS\System32\USER32.dll
0x00007ff941560000 - 0x00007ff941582000 	C:\WINDOWS\System32\win32u.dll
0x00007ff942be0000 - 0x00007ff942c0b000 	C:\WINDOWS\System32\GDI32.dll
0x00007ff940f10000 - 0x00007ff941027000 	C:\WINDOWS\System32\gdi32full.dll
0x00007ff9417f0000 - 0x00007ff94188d000 	C:\WINDOWS\System32\msvcp_win.dll
0x00007ff92df60000 - 0x00007ff92e1fa000 	C:\WINDOWS\WinSxS\amd64_microsoft.windows.common-controls_6595b64144ccf1df_6.0.19041.3636_none_60b6a03d71f818d5\COMCTL32.dll
0x00007ff940a70000 - 0x00007ff940a7a000 	C:\WINDOWS\SYSTEM32\VERSION.dll
0x00007ff942180000 - 0x00007ff9421b2000 	C:\WINDOWS\System32\IMM32.DLL
0x0000000050e60000 - 0x0000000050e6c000 	C:\Program Files (x86)\360\Total Security\safemon\SafeWrapper.dll
0x00007ff8bacf0000 - 0x00007ff8bad82000 	C:\Program Files (x86)\360\Total Security\safemon\libzdtp64.dll
0x00007ff942c10000 - 0x00007ff94337b000 	C:\WINDOWS\System32\SHELL32.dll
0x00007ff942620000 - 0x00007ff942675000 	C:\WINDOWS\System32\SHLWAPI.dll
0x00007ff916d30000 - 0x00007ff916d3c000 	C:\Program Files\Java\jdk-17\bin\vcruntime140_1.dll
0x00007ff915020000 - 0x00007ff9150ae000 	C:\Program Files\Java\jdk-17\bin\msvcp140.dll
0x00007ff8d6480000 - 0x00007ff8d705f000 	C:\Program Files\Java\jdk-17\bin\server\jvm.dll
0x00007ff9421c0000 - 0x00007ff9421c8000 	C:\WINDOWS\System32\PSAPI.DLL
0x00007ff925300000 - 0x00007ff925327000 	C:\WINDOWS\SYSTEM32\WINMM.dll
0x00007ff9254c0000 - 0x00007ff9254c9000 	C:\WINDOWS\SYSTEM32\WSOCK32.dll
0x00007ff941db0000 - 0x00007ff941e1b000 	C:\WINDOWS\System32\ws2_32.DLL
0x00007ff93f710000 - 0x00007ff93f722000 	C:\WINDOWS\SYSTEM32\kernel.appcore.dll
0x00007ff916720000 - 0x00007ff91672a000 	C:\Program Files\Java\jdk-17\bin\jimage.dll
0x00007ff93f390000 - 0x00007ff93f574000 	C:\WINDOWS\SYSTEM32\DBGHELP.DLL
0x00007ff929eb0000 - 0x00007ff929ee4000 	C:\WINDOWS\SYSTEM32\dbgcore.DLL
0x00007ff941410000 - 0x00007ff941492000 	C:\WINDOWS\System32\bcryptPrimitives.dll
0x00007ff93c580000 - 0x00007ff93c58e000 	C:\Program Files\Java\jdk-17\bin\instrument.dll
0x00007ff913f30000 - 0x00007ff913f55000 	C:\Program Files\Java\jdk-17\bin\java.dll
0x00007ff911ac0000 - 0x00007ff911b97000 	C:\Program Files\Java\jdk-17\bin\jsvml.dll
0x00007ff93eb20000 - 0x00007ff93f2be000 	C:\WINDOWS\SYSTEM32\windows.storage.dll
0x00007ff941e20000 - 0x00007ff942173000 	C:\WINDOWS\System32\combase.dll
0x00007ff9408d0000 - 0x00007ff9408fe000 	C:\WINDOWS\SYSTEM32\Wldp.dll
0x00007ff9424a0000 - 0x00007ff94256d000 	C:\WINDOWS\System32\OLEAUT32.dll
0x00007ff9434b0000 - 0x00007ff94355d000 	C:\WINDOWS\System32\SHCORE.dll
0x00007ff940e40000 - 0x00007ff940e63000 	C:\WINDOWS\SYSTEM32\profapi.dll
0x00007ff913300000 - 0x00007ff913318000 	C:\Program Files\Java\jdk-17\bin\zip.dll
0x00007ff9142c0000 - 0x00007ff9142d9000 	C:\Program Files\Java\jdk-17\bin\net.dll
0x00007ff934d60000 - 0x00007ff934e6a000 	C:\WINDOWS\SYSTEM32\WINHTTP.dll
0x00007ff940630000 - 0x00007ff94069a000 	C:\WINDOWS\system32\mswsock.dll
0x00007ff913bf0000 - 0x00007ff913c06000 	C:\Program Files\Java\jdk-17\bin\nio.dll
0x00007ff939fa0000 - 0x00007ff939fba000 	C:\Program Files\JetBrains\IntelliJ IDEA 2023.1.3\bin\breakgen64.dll
0x00007ff940300000 - 0x00007ff9403cb000 	C:\WINDOWS\SYSTEM32\DNSAPI.dll
0x00007ff9402c0000 - 0x00007ff9402fb000 	C:\WINDOWS\SYSTEM32\IPHLPAPI.DLL
0x00007ff941890000 - 0x00007ff941898000 	C:\WINDOWS\System32\NSI.dll
0x00007ff939650000 - 0x00007ff93965a000 	C:\Windows\System32\rasadhlp.dll
0x00007ff9296b0000 - 0x00007ff929730000 	C:\WINDOWS\System32\fwpuclnt.dll
0x00007ff939f90000 - 0x00007ff939f9a000 	C:\Program Files\Java\jdk-17\bin\management.dll
0x00007ff939f70000 - 0x00007ff939f7b000 	C:\Program Files\Java\jdk-17\bin\management_ext.dll
0x00007ff940820000 - 0x00007ff940838000 	C:\WINDOWS\SYSTEM32\CRYPTSP.dll
0x00007ff93fee0000 - 0x00007ff93ff14000 	C:\WINDOWS\system32\rsaenh.dll
0x00007ff940e00000 - 0x00007ff940e2e000 	C:\WINDOWS\SYSTEM32\USERENV.dll
0x00007ff940840000 - 0x00007ff94084c000 	C:\WINDOWS\SYSTEM32\CRYPTBASE.dll
0x00007ff9367e0000 - 0x00007ff9367f7000 	C:\WINDOWS\SYSTEM32\dhcpcsvc6.DLL
0x00007ff937720000 - 0x00007ff93773d000 	C:\WINDOWS\SYSTEM32\dhcpcsvc.DLL
0x00007ff920260000 - 0x00007ff920277000 	C:\WINDOWS\system32\napinsp.dll
0x00007ff920240000 - 0x00007ff92025b000 	C:\WINDOWS\system32\pnrpnsp.dll
0x00007ff93ba70000 - 0x00007ff93ba85000 	C:\WINDOWS\system32\wshbth.dll
0x00007ff93bcc0000 - 0x00007ff93bcdd000 	C:\WINDOWS\system32\NLAapi.dll
0x00007ff920220000 - 0x00007ff920232000 	C:\WINDOWS\System32\winrnr.dll

dbghelp: loaded successfully - version: 4.0.5 - missing functions: none
symbol engine: initialized successfully - sym options: 0x614 - pdb path: .;C:\Program Files\Java\jdk-17\bin;C:\WINDOWS\SYSTEM32;C:\WINDOWS\WinSxS\amd64_microsoft.windows.common-controls_6595b64144ccf1df_6.0.19041.3636_none_60b6a03d71f818d5;C:\Program Files (x86)\360\Total Security\safemon;C:\Program Files\Java\jdk-17\bin\server;C:\Program Files\JetBrains\IntelliJ IDEA 2023.1.3\bin

VM Arguments:
jvm_args: -XX:TieredStopAtLevel=1 -Dspring.output.ansi.enabled=always -Dcom.sun.management.jmxremote -Dspring.jmx.enabled=true -Dspring.liveBeansView.mbeanDomain -Dspring.application.admin.enabled=true -Dmanagement.endpoints.jmx.exposure.include=* -javaagent:C:\Program Files\JetBrains\IntelliJ IDEA 2023.1.3\lib\idea_rt.jar=64019:C:\Program Files\JetBrains\IntelliJ IDEA 2023.1.3\bin -Dfile.encoding=UTF-8 
java_command: com.labokin.microserviceproduit.MicroserviceproduitApplication
java_class_path (initial): C:\microserviceproduit\microserviceproduit\target\classes;C:\Users\User\.m2\repository\org\springframework\boot\spring-boot-starter-data-jpa\3.2.6\spring-boot-starter-data-jpa-3.2.6.jar;C:\Users\User\.m2\repository\org\springframework\boot\spring-boot-starter-aop\3.2.6\spring-boot-starter-aop-3.2.6.jar;C:\Users\User\.m2\repository\org\springframework\spring-aop\6.1.8\spring-aop-6.1.8.jar;C:\Users\User\.m2\repository\org\aspectj\aspectjweaver\1.9.22\aspectjweaver-1.9.22.jar;C:\Users\User\.m2\repository\org\springframework\boot\spring-boot-starter-jdbc\3.2.6\spring-boot-starter-jdbc-3.2.6.jar;C:\Users\User\.m2\repository\com\zaxxer\HikariCP\5.0.1\HikariCP-5.0.1.jar;C:\Users\User\.m2\repository\org\springframework\spring-jdbc\6.1.8\spring-jdbc-6.1.8.jar;C:\Users\User\.m2\repository\org\hibernate\orm\hibernate-core\6.4.8.Final\hibernate-core-6.4.8.Final.jar;C:\Users\User\.m2\repository\jakarta\persistence\jakarta.persistence-api\3.1.0\jakarta.persistence-api-3.1.0.jar;C:\Users\User\.m2\repository\jakarta\transaction\jakarta.transaction-api\2.0.1\jakarta.transaction-api-2.0.1.jar;C:\Users\User\.m2\repository\org\jboss\logging\jboss-logging\3.5.3.Final\jboss-logging-3.5.3.Final.jar;C:\Users\User\.m2\repository\org\hibernate\common\hibernate-commons-annotations\6.0.6.Final\hibernate-commons-annotations-6.0.6.Final.jar;C:\Users\User\.m2\repository\io\smallrye\jandex\3.1.2\jandex-3.1.2.jar;C:\Users\User\.m2\repository\com\fasterxml\classmate\1.6.0\classmate-1.6.0.jar;C:\Users\User\.m2\repository\net\bytebuddy\byte-buddy\1.14.16\byte-buddy-1.14.16.jar;C:\Users\User\.m2\repository\org\glassfish\jaxb\jaxb-runtime\4.0.5\jaxb-runtime-4.0.5.jar;C:\Users\User\.m2\repository\org\glassfish\jaxb\jaxb-core\4.0.5\jaxb-core-4.0.5.jar;C:\Users\User\.m2\repository\org\eclipse\angus\angus-activation\2.0.2\angus-activation-2.0.2.jar;C:\Users\User\.m2\repository\org\glassfish\jaxb\txw2\4.0.5\txw2-4.0.5.jar;C:\Users\User\.m2\repository\com\sun\istack\istack-commons
Launcher Type: SUN_STANDARD

[Global flags]
     intx CICompilerCount                          = 3                                         {product} {ergonomic}
     uint ConcGCThreads                            = 1                                         {product} {ergonomic}
     uint G1ConcRefinementThreads                  = 4                                         {product} {ergonomic}
   size_t G1HeapRegionSize                         = 1048576                                   {product} {ergonomic}
    uintx GCDrainStackTargetSize                   = 64                                        {product} {ergonomic}
   size_t InitialHeapSize                          = 65011712                                  {product} {ergonomic}
     bool ManagementServer                         = true                                      {product} {command line}
   size_t MarkStackSize                            = 4194304                                   {product} {ergonomic}
   size_t MaxHeapSize                              = 1029701632                                {product} {ergonomic}
   size_t MaxNewSize                               = 617611264                                 {product} {ergonomic}
   size_t MinHeapDeltaBytes                        = 1048576                                   {product} {ergonomic}
   size_t MinHeapSize                              = 8388608                                   {product} {ergonomic}
    uintx NonProfiledCodeHeapSize                  = 0                                      {pd product} {ergonomic}
     bool ProfileInterpreter                       = false                                  {pd product} {command line}
    uintx ProfiledCodeHeapSize                     = 0                                      {pd product} {ergonomic}
   size_t SoftMaxHeapSize                          = 1029701632                             {manageable} {ergonomic}
     intx TieredStopAtLevel                        = 1                                         {product} {command line}
     bool UseCompressedClassPointers               = true                           {product lp64_product} {ergonomic}
     bool UseCompressedOops                        = true                           {product lp64_product} {ergonomic}
     bool UseG1GC                                  = true                                      {product} {ergonomic}
     bool UseLargePagesIndividualAllocation        = false                                  {pd product} {ergonomic}

Logging:
Log output configuration:
 #0: stdout all=warning uptime,level,tags
 #1: stderr all=off uptime,level,tags

Environment Variables:
JAVA_HOME=C:\Program Files\Java\jdk-17\bin
PATH=C:\Program Files\Microsoft MPI\Bin\;C:\Program Files\Common Files\Oracle\Java\javapath;C:\WINDOWS\system32;C:\WINDOWS;C:\WINDOWS\System32\Wbem;C:\WINDOWS\System32\WindowsPowerShell\v1.0\;C:\WINDOWS\System32\OpenSSH\;C:\Program Files\Microsoft SQL Server\Client SDK\ODBC\170\Tools\Binn\;C:\Program Files\dotnet\;C:\Program Files\Git\cmd;C:\Program Files (x86)\Microsoft SQL Server\160\DTS\Binn\;C:\Program Files (x86)\Microsoft SQL Server\100\Tools\Binn\;C:\Program Files (x86)\Microsoft SQL Server\100\DTS\Binn\;C:\Program Files (x86)\Microsoft SQL Server\100\Tools\Binn\VSShell\Common7\IDE\;C:\Program Files (x86)\Microsoft Visual Studio 9.0\Common7\IDE\PrivateAssemblies\;C:\Program Files\Microsoft SQL Server\150\Tools\Binn\;C:\Users\User\AppData\Local\Microsoft\WindowsApps;C:\Users\User\.dotnet\tools;C:\Program Files\JetBrains\IntelliJ IDEA 2023.1.3\bin;;C:\Users\User\AppData\Local\GitHubDesktop\bin;C:\Users\User\AppData\Local\Programs\Microsoft VS Code\bin
USERNAME=User
OS=Windows_NT
PROCESSOR_IDENTIFIER=Intel64 Family 6 Model 92 Stepping 9, GenuineIntel



---------------  S Y S T E M  ---------------

OS:
 Windows 10 , 64 bit Build 19041 (10.0.19041.3636)
OS uptime: 2 days 7:18 hours

CPU: total 4 (initial active 4) (4 cores per cpu, 1 threads per core) family 6 model 92 stepping 9 microcode 0x32, cx8, cmov, fxsr, mmx, 3dnowpref, sse, sse2, sse3, ssse3, sse4.1, sse4.2, popcnt, tsc, tscinvbit, aes, erms, clmul, sha, clflush, clflushopt

Memory: 4k page, system-wide physical 3927M (83M free)
TotalPageFile size 10330M (AvailPageFile size 2M)
current process WorkingSet (physical memory assigned to process): 74M, peak: 74M
current process commit charge ("private bytes"): 146M, peak: 146M

vm_info: Java HotSpot(TM) 64-Bit Server VM (17.0.10+11-LTS-240) for windows-amd64 JRE (17.0.10+11-LTS-240), built on Dec 19 2023 21:47:25 by "mach5one" with MS VC++ 17.1 (VS2022)

END.
